24.990000 0.000 0.000 0.00000 0.000 -1 1549585593.837343
26.990000 0.000 0.000 0.00000 0.000 -1 1549585593.840234
27.000000 0.000 0.000 0.00000 0.000 -1 1549585593.850067
27.370000 0.003 -0.000 -0.00040 0.000 -1 1549585594.220400
27.430000 0.006 -0.000 0.00040 0.000 -1 1549585594.280568
27.480000 0.010 0.000 -0.00000 0.000 -1 1549585594.330151
27.520000 0.013 -0.000 -0.00000 0.000 -1 1549585594.370115
27.560000 0.017 -0.000 -0.00000 0.000 -1 1549585594.409910
27.590000 0.020 -0.000 0.00040 0.000 -1 1549585594.440777
27.620000 0.023 -0.000 0.00040 0.000 -1 1549585594.470085
27.650000 0.027 -0.000 0.00040 0.000 -1 1549585594.500634
27.680000 0.031 0.000 -0.00000 0.000 -1 1549585594.530051
27.710000 0.035 0.000 -0.00000 0.000 -1 1549585594.560349
27.740000 0.040 0.000 0.00040 0.000 -1 1549585594.590084
27.760000 0.043 0.000 -0.00000 0.000 -1 1549585594.610248
27.780000 0.046 0.000 -0.00000 0.000 -1 1549585594.629908
27.800000 0.050 0.000 -0.00040 0.000 -1 1549585594.650272
27.820000 0.053 0.000 -0.00040 0.000 -1 1549585594.669863
27.840000 0.057 0.000 -0.00040 0.000 -1 1549585594.690022
27.860000 0.060 -0.000 -0.00040 0.000 -1 1549585594.710301
27.880000 0.064 -0.000 -0.00000 0.000 -1 1549585594.730007
27.900000 0.068 -0.000 -0.00000 0.000 -1 1549585594.751841
27.920000 0.072 -0.000 -0.00000 0.000 -1 1549585594.770840
27.940000 0.076 0.000 -0.00000 0.000 -1 1549585594.790099
27.960000 0.080 0.000 -0.00000 0.000 -1 1549585594.810255
27.980000 0.084 0.000 -0.00000 0.000 -1 1549585594.829919
28.000000 0.088 0.000 -0.00000 0.000 -1 1549585594.851168
28.020000 0.092 0.000 -0.00000 0.000 -1 1549585594.870484
28.040000 0.096 0.000 -0.00000 0.000 -1 1549585594.890488
28.060000 0.100 0.000 -0.00000 0.000 -1 1549585594.915293
28.080000 0.104 0.000 -0.00000 0.000 -1 1549585594.930062
28.100000 0.108 0.000 -0.00000 0.000 -1 1549585594.950756
28.120000 0.112 0.000 -0.00000 0.000 -1 1549585594.970335
28.140000 0.116 0.000 0.00040 0.000 -1 1549585594.990063
28.160000 0.120 0.000 0.00040 0.000 -1 1549585595.010589
28.180000 0.124 0.000 0.00040 0.000 -1 1549585595.030142
28.200000 0.128 0.000 0.00040 0.000 -1 1549585595.050552
28.220000 0.132 0.000 0.00040 0.000 -1 1549585595.069894
28.240000 0.136 0.000 0.00040 0.000 -1 1549585595.090722
28.260000 0.140 0.000 0.00040 0.000 -1 1549585595.110162
28.280000 0.144 0.000 0.00040 0.000 -1 1549585595.129942
28.300000 0.148 0.000 -0.00000 0.000 -1 1549585595.150424
28.320000 0.152 0.000 -0.00000 0.000 -1 1549585595.170201
28.340000 0.156 0.000 -0.00000 0.000 -1 1549585595.190084
28.360000 0.160 0.000 -0.00000 0.000 -1 1549585595.210322
28.380000 0.164 0.000 -0.00000 0.000 -1 1549585595.230317
28.400000 0.168 0.000 -0.00000 0.000 -1 1549585595.250146
28.420000 0.172 0.000 -0.00000 0.000 -1 1549585595.271677
28.440000 0.176 0.000 -0.00000 0.000 -1 1549585595.290083
28.460000 0.180 0.000 -0.00000 0.000 -1 1549585595.309996
28.480000 0.184 0.000 -0.00000 0.000 -1 1549585595.330546
28.500000 0.188 0.000 -0.00000 0.000 -1 1549585595.350101
28.520000 0.192 0.000 -0.00000 0.000 -1 1549585595.370013
28.540000 0.196 0.000 -0.00000 0.000 -1 1549585595.389979
28.560000 0.200 0.000 -0.00000 0.000 -1 1549585595.409956
28.580000 0.204 0.000 -0.00000 0.000 -1 1549585595.430052
28.600000 0.208 0.000 0.00040 0.000 -1 1549585595.450235
28.620000 0.212 0.000 0.00040 0.000 -1 1549585595.470317
28.640000 0.216 0.000 0.00040 0.000 -1 1549585595.489918
28.660000 0.220 0.000 0.00040 0.000 -1 1549585595.509956
28.680000 0.224 0.000 0.00040 0.000 -1 1549585595.530237
28.700000 0.228 0.000 0.00040 0.000 -1 1549585595.550476
28.720000 0.232 0.000 0.00040 0.000 -1 1549585595.570662
28.740000 0.236 0.000 0.00040 0.000 -1 1549585595.590036
28.760000 0.240 0.000 -0.00000 0.000 -1 1549585595.610564
28.780000 0.244 0.000 -0.00000 0.000 -1 1549585595.629839
28.800000 0.248 0.000 -0.00000 0.000 -1 1549585595.650589
28.820000 0.252 0.000 -0.00000 0.000 -1 1549585595.669991
28.840000 0.256 0.000 -0.00000 0.000 -1 1549585595.690213
28.860000 0.260 0.000 -0.00000 0.000 -1 1549585595.710400
28.880000 0.264 0.000 -0.00000 0.000 -1 1549585595.729929
28.900000 0.268 0.000 -0.00000 0.000 -1 1549585595.753831
28.920000 0.272 0.000 -0.00000 0.000 -1 1549585595.770403
28.940000 0.276 0.000 -0.00000 0.000 -1 1549585595.790077
28.960000 0.280 0.000 -0.00000 0.000 -1 1549585595.810152
28.980000 0.284 0.000 -0.00000 0.000 -1 1549585595.830074
29.000000 0.288 0.000 -0.00000 0.000 -1 1549585595.850279
29.020000 0.292 0.000 -0.00000 0.000 -1 1549585595.870089
29.040000 0.296 0.000 -0.00000 0.000 -1 1549585595.890057
29.060000 0.300 0.000 0.00040 0.000 -1 1549585595.910884
29.080000 0.304 0.000 0.00040 0.000 -1 1549585595.929947
29.100000 0.308 0.000 0.00040 0.000 -1 1549585595.950155
29.120000 0.312 0.000 0.00040 0.000 -1 1549585595.970002
29.140000 0.316 0.000 0.00040 0.000 -1 1549585595.990289
29.160000 0.320 0.000 0.00040 0.000 -1 1549585596.009949
29.180000 0.324 0.000 0.00040 0.000 -1 1549585596.030182
29.200000 0.328 0.000 0.00040 0.000 -1 1549585596.050514
29.220000 0.332 0.000 -0.00000 0.000 -1 1549585596.069991
29.240000 0.336 0.000 -0.00000 0.000 -1 1549585596.090176
29.260000 0.340 0.000 -0.00000 0.000 -1 1549585596.109898
29.280000 0.344 0.000 -0.00000 0.000 -1 1549585596.130179
29.300000 0.348 0.000 -0.00000 0.000 -1 1549585596.152853
29.320000 0.352 0.000 -0.00000 0.000 -1 1549585596.170282
29.340000 0.356 0.000 -0.00000 0.000 -1 1549585596.190735
29.360000 0.360 0.000 -0.00000 0.000 -1 1549585596.209998
29.380000 0.364 0.000 -0.00000 0.000 -1 1549585596.230121
29.400000 0.368 0.000 -0.00000 0.000 -1 1549585596.250042
29.420000 0.372 0.000 -0.00000 0.000 -1 1549585596.270301
29.440000 0.376 0.000 -0.00000 0.000 -1 1549585596.290059
29.460000 0.380 0.000 -0.00000 0.000 -1 1549585596.310249
29.480000 0.384 0.000 -0.00000 0.000 -1 1549585596.330114
29.500000 0.388 0.000 -0.00000 0.000 -1 1549585596.350216
29.520000 0.392 0.000 0.00040 0.000 -1 1549585596.369920
29.540000 0.396 0.000 0.00040 0.000 -1 1549585596.390127
29.560000 0.400 0.000 0.00040 0.000 -1 1549585596.410178
29.580000 0.404 0.000 0.00040 0.000 -1 1549585596.430206
29.600000 0.408 0.000 0.00040 0.000 -1 1549585596.449974
29.620000 0.412 0.000 0.00040 0.000 -1 1549585596.470339
29.640000 0.416 0.000 0.00040 0.000 -1 1549585596.490119
29.660000 0.420 0.000 0.00040 0.000 -1 1549585596.510161
29.680000 0.424 0.000 -0.00000 0.000 -1 1549585596.530063
29.700000 0.428 0.000 -0.00000 0.000 -1 1549585596.549936
29.720000 0.432 0.000 -0.00000 0.000 -1 1549585596.570165
29.740000 0.436 0.000 -0.00000 0.000 -1 1549585596.590078
29.760000 0.440 0.000 -0.00000 0.000 -1 1549585596.610169
29.780000 0.444 0.000 -0.00000 0.000 -1 1549585596.630073
29.800000 0.448 0.000 -0.00000 0.000 -1 1549585596.650470
29.820000 0.452 0.000 -0.00000 0.000 -1 1549585596.669949
29.840000 0.456 0.000 -0.00000 0.000 -1 1549585596.690085
29.860000 0.460 0.000 -0.00000 0.000 -1 1549585596.710146
29.880000 0.464 0.000 -0.00000 0.000 -1 1549585596.730137
29.900000 0.468 0.000 -0.00000 0.000 -1 1549585596.750765
29.920000 0.472 0.000 -0.00000 0.000 -1 1549585596.770600
29.940000 0.476 0.000 -0.00000 0.000 -1 1549585596.790486
29.960000 0.480 0.000 -0.00000 0.000 -1 1549585596.809964
29.980000 0.484 0.000 0.00040 0.000 -1 1549585596.829878
30.000000 0.488 0.000 0.00040 0.000 -1 1549585596.850143
30.020000 0.492 0.000 0.00040 0.000 -1 1549585596.869924
30.040000 0.496 0.000 0.00040 0.000 -1 1549585596.890005
30.060000 0.500 0.000 0.00040 0.000 -1 1549585596.910091
30.080000 0.504 0.000 0.00040 0.000 -1 1549585596.930108
30.100000 0.508 0.000 0.00040 0.000 -1 1549585596.949825
30.120000 0.512 0.000 0.00040 0.000 -1 1549585596.970094
30.140000 0.516 0.000 -0.00000 0.000 -1 1549585596.990263
30.160000 0.520 0.000 -0.00000 0.000 -1 1549585597.009969
30.180000 0.524 0.000 -0.00000 0.000 -1 1549585597.036539
30.200000 0.528 0.000 -0.00000 0.000 -1 1549585597.050129
30.220000 0.532 0.000 -0.00000 0.000 -1 1549585597.069950
30.240000 0.536 0.000 -0.00000 0.000 -1 1549585597.089993
30.260000 0.540 0.000 -0.00000 0.000 -1 1549585597.110619
30.280000 0.544 0.000 -0.00000 0.000 -1 1549585597.129953
30.300000 0.548 0.000 -0.00000 0.000 -1 1549585597.150147
30.320000 0.552 0.000 -0.00000 0.000 -1 1549585597.169835
30.340000 0.556 0.000 -0.00000 0.000 -1 1549585597.190213
30.360000 0.560 0.000 -0.00000 0.000 -1 1549585597.210995
30.380000 0.564 0.000 -0.00000 0.000 -1 1549585597.230262
30.400000 0.568 0.000 -0.00000 0.000 -1 1549585597.250221
30.420000 0.572 0.000 -0.00000 0.000 -1 1549585597.270147
30.440000 0.576 0.000 0.00040 0.000 -1 1549585597.290244
30.460000 0.580 0.000 0.00040 0.000 -1 1549585597.309940
30.480000 0.584 0.000 0.00040 0.000 -1 1549585597.330595
30.500000 0.588 0.000 0.00040 0.000 -1 1549585597.350152
30.520000 0.592 0.000 0.00040 0.000 -1 1549585597.370297
30.540000 0.596 0.000 0.00040 0.000 -1 1549585597.392318
30.560000 0.600 0.000 0.00040 0.000 -1 1549585597.409850
30.580000 0.604 0.000 0.00040 0.000 -1 1549585597.430201
30.600000 0.608 0.000 0.00040 0.000 -1 1549585597.449961
30.620000 0.612 0.000 -0.00000 0.000 -1 1549585597.470199
30.640000 0.616 0.000 -0.00000 0.000 -1 1549585597.490247
30.660000 0.620 0.000 -0.00000 0.000 -1 1549585597.512583
30.680000 0.624 0.000 -0.00000 0.000 -1 1549585597.530078
30.700000 0.628 0.000 -0.00000 0.000 -1 1549585597.550273
30.720000 0.632 0.000 -0.00000 0.000 -1 1549585597.570077
30.740000 0.636 0.000 -0.00000 0.000 -1 1549585597.590181
30.760000 0.640 0.000 -0.00000 0.000 -1 1549585597.610066
30.780000 0.644 0.000 -0.00000 0.000 -1 1549585597.632163
30.800000 0.648 0.000 -0.00000 0.000 -1 1549585597.650874
30.820000 0.652 0.000 -0.00000 0.000 -1 1549585597.670763
30.840000 0.656 0.000 -0.00000 0.000 -1 1549585597.690100
30.860000 0.660 0.000 -0.00000 0.000 -1 1549585597.710242
30.880000 0.664 0.000 -0.00000 0.000 -1 1549585597.730492
30.900000 0.668 0.000 0.00040 0.000 -1 1549585597.752336
30.920000 0.672 0.000 0.00040 0.000 -1 1549585597.770823
30.940000 0.676 0.000 0.00040 0.000 -1 1549585597.790175
30.960000 0.680 0.000 0.00040 0.000 -1 1549585597.810228
30.980000 0.684 0.000 0.00040 0.000 -1 1549585597.830086
31.000000 0.688 0.000 0.00040 0.000 -1 1549585597.850141
31.020000 0.692 0.000 0.00040 0.000 -1 1549585597.869939
31.040000 0.696 0.000 0.00040 0.000 -1 1549585597.890185
31.060000 0.700 0.000 0.00040 0.000 -1 1549585597.910104
31.080000 0.704 0.000 -0.00000 0.000 -1 1549585597.929913
31.100000 0.708 0.000 -0.00000 0.000 -1 1549585597.954050
31.120000 0.712 0.000 -0.00000 0.000 -1 1549585597.969951
31.140000 0.716 0.000 -0.00000 0.000 -1 1549585597.990139
31.160000 0.720 0.000 -0.00000 0.000 -1 1549585598.009988
31.180000 0.724 0.000 -0.00000 0.000 -1 1549585598.030109
31.200000 0.728 0.000 -0.00000 0.000 -1 1549585598.050280
31.220000 0.732 0.000 -0.00000 0.000 -1 1549585598.070434
31.240000 0.736 0.000 -0.00000 0.000 -1 1549585598.090161
31.260000 0.740 0.000 -0.00000 0.000 -1 1549585598.110081
31.280000 0.744 0.000 -0.00000 0.000 -1 1549585598.129929
31.300000 0.748 0.000 -0.00000 0.000 -1 1549585598.149915
31.320000 0.752 0.000 -0.00000 0.000 -1 1549585598.170076
31.340000 0.756 0.000 -0.00000 0.000 -1 1549585598.190051
31.360000 0.760 0.000 0.00040 0.000 -1 1549585598.210775
31.380000 0.764 0.000 0.00040 0.000 -1 1549585598.229980
31.400000 0.768 0.000 0.00040 0.000 -1 1549585598.250263
31.420000 0.772 0.000 0.00040 0.000 -1 1549585598.269925
31.440000 0.776 0.000 0.00040 0.000 -1 1549585598.290220
31.460000 0.780 0.000 0.00040 0.000 -1 1549585598.310145
31.480000 0.784 0.000 0.00040 0.000 -1 1549585598.329899
31.500000 0.788 0.000 0.00040 0.000 -1 1549585598.350037
31.520000 0.792 0.000 0.00040 0.000 -1 1549585598.371000
31.540000 0.796 0.000 -0.00000 0.000 -1 1549585598.390134
31.560000 0.800 0.000 -0.00000 0.000 -1 1549585598.409994
31.580000 0.804 0.000 -0.00000 0.000 -1 1549585598.430398
31.600000 0.808 0.000 -0.00000 0.000 -1 1549585598.450168
31.620000 0.812 0.000 -0.00000 0.000 -1 1549585598.470057
31.640000 0.816 0.000 -0.00000 0.000 -1 1549585598.490054
31.660000 0.820 0.000 -0.00000 0.000 -1 1549585598.510151
31.680000 0.824 0.000 -0.00000 0.000 -1 1549585598.531131
31.700000 0.828 0.000 -0.00000 0.000 -1 1549585598.549841
31.720000 0.832 0.000 -0.00000 0.000 -1 1549585598.570264
31.740000 0.836 0.000 -0.00000 0.000 -1 1549585598.590271
31.760000 0.840 0.000 -0.00000 0.000 -1 1549585598.610522
31.780000 0.844 0.000 -0.00000 0.000 -1 1549585598.630324
31.800000 0.848 0.000 -0.00000 0.000 -1 1549585598.650771
31.820000 0.852 0.000 0.00040 0.000 -1 1549585598.669789
31.840000 0.856 0.000 0.00040 0.000 -1 1549585598.690094
31.860000 0.860 0.000 0.00040 0.000 -1 1549585598.710180
31.880000 0.864 0.000 0.00040 0.000 -1 1549585598.730385
31.900000 0.868 0.000 0.00040 0.000 -1 1549585598.750205
31.920000 0.872 0.000 0.00040 0.000 -1 1549585598.770253
31.940000 0.876 0.000 0.00040 0.000 -1 1549585598.790204
31.960000 0.880 0.000 0.00040 0.000 -1 1549585598.810176
31.980000 0.884 0.000 0.00040 0.000 -1 1549585598.830097
32.000000 0.888 0.000 -0.00000 0.000 -1 1549585598.850007
32.020000 0.892 0.000 -0.00000 0.000 -1 1549585598.869917
32.040000 0.896 0.000 -0.00000 0.000 -1 1549585598.890054
32.060000 0.900 0.000 -0.00000 0.000 -1 1549585598.910209
32.080000 0.904 0.000 -0.00000 0.000 -1 1549585598.930827
32.100000 0.908 0.000 -0.00000 0.000 -1 1549585598.950899
32.120000 0.912 0.000 -0.00000 0.000 -1 1549585598.970347
32.140000 0.916 0.000 -0.00000 0.000 -1 1549585598.990114
32.160000 0.920 0.000 -0.00000 0.000 -1 1549585599.010116
32.180000 0.924 0.000 -0.00000 0.000 -1 1549585599.030205
32.200000 0.928 0.000 -0.00000 0.000 -1 1549585599.050340
32.220000 0.932 0.000 -0.00000 0.000 -1 1549585599.069829
32.240000 0.936 0.000 -0.00000 0.000 -1 1549585599.090732
32.260000 0.940 0.000 -0.00000 0.000 -1 1549585599.109867
32.280000 0.944 0.000 0.00040 0.000 -1 1549585599.130341
32.300000 0.948 0.000 0.00040 0.000 -1 1549585599.150611
32.320000 0.952 0.000 0.00040 0.000 -1 1549585599.169917
32.340000 0.956 0.000 0.00040 0.000 -1 1549585599.192760
32.360000 0.960 0.000 0.00040 0.000 -1 1549585599.210047
32.380000 0.964 0.000 0.00040 0.000 -1 1549585599.232954
32.400000 0.968 0.000 0.00040 0.000 -1 1549585599.250536
32.420000 0.972 0.000 0.00040 0.000 -1 1549585599.269835
32.440000 0.976 0.000 0.00040 0.000 -1 1549585599.290375
32.460000 0.980 0.000 -0.00000 0.000 -1 1549585599.310001
32.480000 0.984 0.000 -0.00000 0.000 -1 1549585599.330151
32.500000 0.988 0.000 -0.00000 0.000 -1 1549585599.355648
32.520000 0.992 0.000 -0.00000 0.000 -1 1549585599.370149
32.540000 0.996 0.000 -0.00000 0.000 -1 1549585599.390020
32.560000 1.000 0.000 -0.00000 0.000 -1 1549585599.410402
32.580000 1.004 0.000 -0.00000 0.000 -1 1549585599.430595
32.600000 1.008 0.000 -0.00000 0.000 -1 1549585599.450000
32.620000 1.012 0.000 -0.00000 0.000 -1 1549585599.472356
32.640000 1.016 0.000 -0.00000 0.000 -1 1549585599.490423
32.660000 1.020 0.000 -0.00000 0.000 -1 1549585599.510182
32.680000 1.024 0.000 -0.00000 0.000 -1 1549585599.530872
32.700000 1.028 0.000 -0.00000 0.000 -1 1549585599.549927
32.720000 1.032 0.000 -0.00000 0.000 -1 1549585599.569984
32.740000 1.036 0.000 0.00040 0.000 -1 1549585599.592971
32.760000 1.040 0.000 0.00040 0.000 -1 1549585599.610372
32.780000 1.044 0.000 0.00040 0.000 -1 1549585599.630088
32.800000 1.048 0.000 0.00040 0.000 -1 1549585599.650278
32.820000 1.052 0.000 0.00040 0.000 -1 1549585599.670029
32.840000 1.056 0.000 0.00040 0.000 -1 1549585599.690296
32.860000 1.060 0.000 0.00040 0.000 -1 1549585599.712687
32.880000 1.064 0.000 0.00040 0.000 -1 1549585599.730222
32.900000 1.068 0.000 0.00040 0.000 -1 1549585599.750962
32.920000 1.072 0.000 -0.00000 0.000 -1 1549585599.770228
32.940000 1.076 0.000 -0.00000 0.000 -1 1549585599.790048
32.960000 1.080 0.000 -0.00000 0.000 -1 1549585599.809877
32.980000 1.084 0.000 -0.00000 0.000 -1 1549585599.834695
33.000000 1.088 0.000 -0.00000 0.000 -1 1549585599.850464
33.020000 1.092 0.000 -0.00000 0.000 -1 1549585599.870070
33.040000 1.096 0.000 -0.00000 0.000 -1 1549585599.890889
33.060000 1.100 0.000 -0.00000 0.000 -1 1549585599.910022
33.080000 1.104 0.000 -0.00000 0.000 -1 1549585599.930338
33.100000 1.108 0.000 -0.00000 0.000 -1 1549585599.950063
33.120000 1.112 0.000 -0.00000 0.000 -1 1549585599.970041
33.140000 1.116 0.000 -0.00000 0.000 -1 1549585599.990043
33.160000 1.120 0.000 -0.00000 0.000 -1 1549585600.010235
33.180000 1.124 0.000 -0.00000 0.000 -1 1549585600.030057
33.200000 1.128 0.000 0.00040 0.000 -1 1549585600.050329
33.220000 1.132 0.000 0.00040 0.000 -1 1549585600.072183
33.240000 1.136 0.000 0.00040 0.000 -1 1549585600.090157
33.260000 1.140 0.000 0.00040 0.000 -1 1549585600.110844
33.280000 1.144 0.000 0.00040 0.000 -1 1549585600.130827
33.300000 1.148 0.000 0.00040 0.000 -1 1549585600.150105
33.320000 1.152 0.000 0.00040 0.000 -1 1549585600.170039
33.340000 1.156 0.000 0.00040 0.000 -1 1549585600.192653
33.360000 1.160 0.000 0.00040 0.000 -1 1549585600.209991
33.380000 1.164 0.000 -0.00000 0.000 -1 1549585600.230126
33.400000 1.168 0.000 -0.00000 0.000 -1 1549585600.250154
33.420000 1.172 0.000 -0.00000 0.000 -1 1549585600.269806
33.440000 1.176 0.000 -0.00000 0.000 -1 1549585600.290223
33.460000 1.180 0.000 -0.00000 0.000 -1 1549585600.311697
33.480000 1.184 0.000 -0.00000 0.000 -1 1549585600.330073
33.500000 1.188 0.000 -0.00000 0.000 -1 1549585600.350152
33.520000 1.192 0.000 -0.00000 0.000 -1 1549585600.370182
33.540000 1.196 0.000 -0.00000 0.000 -1 1549585600.390189
33.560000 1.200 0.000 -0.00000 0.000 -1 1549585600.409957
33.580000 1.204 0.000 -0.00000 0.000 -1 1549585600.434958
33.600000 1.208 0.000 -0.00000 0.000 -1 1549585600.450079
33.620000 1.212 0.000 -0.00000 0.000 -1 1549585600.470263
33.640000 1.216 0.000 -0.00000 0.000 -1 1549585600.490077
33.660000 1.220 0.000 0.00040 0.000 -1 1549585600.510133
33.680000 1.224 0.000 0.00040 0.000 -1 1549585600.530110
33.700000 1.228 0.000 0.00040 0.000 -1 1549585600.555439
33.720000 1.232 0.000 0.00040 0.000 -1 1549585600.570036
33.740000 1.236 0.000 0.00040 0.000 -1 1549585600.590175
33.760000 1.240 0.000 0.00040 0.000 -1 1549585600.610194
33.780000 1.244 0.000 0.00040 0.000 -1 1549585600.630083
33.800000 1.248 0.000 0.00040 0.000 -1 1549585600.650139
33.820000 1.252 0.000 0.00040 0.000 -1 1549585600.670516
33.840000 1.256 0.000 -0.00000 0.000 -1 1549585600.690413
33.860000 1.260 0.000 -0.00000 0.000 -1 1549585600.710496
33.880000 1.264 0.000 -0.00000 0.000 -1 1549585600.730200
33.900000 1.268 0.000 -0.00000 0.000 -1 1549585600.750216
33.920000 1.272 0.000 -0.00000 0.000 -1 1549585600.770390
33.940000 1.276 0.000 -0.00000 0.000 -1 1549585600.790230
33.960000 1.280 0.000 -0.00000 0.000 -1 1549585600.809898
33.980000 1.284 0.000 -0.00000 0.000 -1 1549585600.831222
34.000000 1.288 0.000 -0.00000 0.000 -1 1549585600.850383
34.020000 1.292 0.000 -0.00000 0.000 -1 1549585600.870116
34.040000 1.296 0.000 -0.00000 0.000 -1 1549585600.890070
34.060000 1.300 0.000 -0.00000 0.000 -1 1549585600.910655
34.080000 1.304 0.000 -0.00000 0.000 -1 1549585600.930917
34.100000 1.308 0.000 -0.00000 0.000 -1 1549585600.950056
34.120000 1.312 0.000 0.00040 0.000 -1 1549585600.970015
34.140000 1.316 0.000 0.00040 0.000 -1 1549585600.990038
34.160000 1.320 0.000 0.00040 0.000 -1 1549585601.011175
34.180000 1.324 0.000 0.00040 0.000 -1 1549585601.030141
34.200000 1.328 0.000 0.00040 0.000 -1 1549585601.050747
34.220000 1.332 0.000 0.00040 0.000 -1 1549585601.069984
34.240000 1.336 0.000 0.00040 0.000 -1 1549585601.090187
34.260000 1.340 0.000 0.00040 0.000 -1 1549585601.110091
34.280000 1.344 0.000 0.00040 0.000 -1 1549585601.130430
34.300000 1.348 0.000 -0.00000 0.000 -1 1549585601.150115
34.320000 1.352 0.000 -0.00000 0.000 -1 1549585601.170000
34.340000 1.356 0.000 -0.00000 0.000 -1 1549585601.190150
34.360000 1.360 0.000 -0.00000 0.000 -1 1549585601.210276
34.380000 1.364 0.000 -0.00000 0.000 -1 1549585601.235263
34.400000 1.368 0.000 -0.00000 0.000 -1 1549585601.250432
34.420000 1.372 0.000 -0.00000 0.000 -1 1549585601.270283
34.440000 1.376 0.000 -0.00000 0.000 -1 1549585601.290628
34.460000 1.380 0.000 -0.00000 0.000 -1 1549585601.310166
34.480000 1.384 0.000 -0.00000 0.000 -1 1549585601.330010
34.500000 1.388 0.000 -0.00000 0.000 -1 1549585601.354727
34.520000 1.392 0.000 -0.00000 0.000 -1 1549585601.370508
34.540000 1.396 0.000 -0.00000 0.000 -1 1549585601.390326
34.560000 1.400 0.000 -0.00000 0.000 -1 1549585601.410018
34.580000 1.404 0.000 0.00040 0.000 -1 1549585601.429983
34.600000 1.408 0.000 0.00040 0.000 -1 1549585601.451078
34.620000 1.412 0.000 0.00040 0.000 -1 1549585601.470433
34.640000 1.416 0.000 0.00040 0.000 -1 1549585601.490241
34.660000 1.420 0.000 0.00040 0.000 -1 1549585601.510273
34.680000 1.424 0.000 0.00040 0.000 -1 1549585601.531103
34.700000 1.428 0.000 0.00040 0.000 -1 1549585601.550598
34.720000 1.432 0.000 0.00040 0.000 -1 1549585601.570049
34.740000 1.436 0.000 0.00040 0.000 -1 1549585601.591631
34.760000 1.440 0.000 -0.00000 0.000 -1 1549585601.610204
34.780000 1.444 0.000 -0.00000 0.000 -1 1549585601.629940
34.800000 1.448 0.000 -0.00000 0.000 -1 1549585601.650237
34.820000 1.452 0.000 -0.00000 0.000 -1 1549585601.670093
34.840000 1.456 0.000 -0.00000 0.000 -1 1549585601.690245
34.860000 1.460 0.000 -0.00000 0.000 -1 1549585601.711414
34.880000 1.464 0.000 -0.00000 0.000 -1 1549585601.730059
34.900000 1.468 0.000 -0.00000 0.000 -1 1549585601.750424
34.920000 1.472 0.000 -0.00000 0.000 -1 1549585601.769744
34.940000 1.476 0.000 -0.00000 0.000 -1 1549585601.790087
34.960000 1.480 0.000 -0.00000 0.000 -1 1549585601.810268
34.980000 1.484 0.000 -0.00000 0.000 -1 1549585601.835072
35.000000 1.488 0.000 -0.00000 0.000 -1 1549585601.850416
35.020000 1.492 0.000 -0.00000 0.000 -1 1549585601.870077
35.040000 1.496 0.000 0.00040 0.000 -1 1549585601.891080
35.060000 1.500 0.000 0.00040 0.000 -1 1549585601.910269
35.080000 1.504 0.000 0.00040 0.000 -1 1549585601.929948
35.100000 1.508 0.000 0.00040 0.000 -1 1549585601.954539
35.120000 1.512 0.000 0.00040 0.000 -1 1549585601.970358
35.140000 1.516 0.000 0.00040 0.000 -1 1549585601.990959
35.160000 1.520 0.000 0.00040 0.000 -1 1549585602.010297
35.180000 1.524 0.000 0.00040 0.000 -1 1549585602.030427
35.200000 1.528 0.000 0.00040 0.000 -1 1549585602.050302
35.220000 1.532 0.000 -0.00000 0.000 -1 1549585602.072050
35.240000 1.536 0.000 -0.00000 0.000 -1 1549585602.089917
35.260000 1.540 0.000 -0.00000 0.000 -1 1549585602.110111
35.280000 1.544 0.000 -0.00000 0.000 -1 1549585602.129887
35.300000 1.548 0.000 -0.00000 0.000 -1 1549585602.150077
35.320000 1.552 0.000 -0.00000 0.000 -1 1549585602.169949
35.340000 1.556 0.000 -0.00000 0.000 -1 1549585602.191581
35.360000 1.560 0.000 -0.00000 0.000 -1 1549585602.210337
35.380000 1.564 0.000 -0.00000 0.000 -1 1549585602.230486
35.400000 1.568 0.000 -0.00000 0.000 -1 1549585602.250222
35.420000 1.572 0.000 -0.00000 0.000 -1 1549585602.269919
35.440000 1.576 0.000 -0.00000 0.000 -1 1549585602.290168
35.460000 1.580 0.000 -0.00000 0.000 -1 1549585602.309985
35.480000 1.584 0.000 -0.00000 0.000 -1 1549585602.330091
35.500000 1.588 0.000 0.00040 0.000 -1 1549585602.349950
35.520000 1.592 0.000 0.00040 0.000 -1 1549585602.370275
35.540000 1.596 0.000 0.00040 0.000 -1 1549585602.390096
35.560000 1.600 0.000 0.00040 0.000 -1 1549585602.410104
35.580000 1.604 0.000 0.00040 0.000 -1 1549585602.430033
35.600000 1.608 0.000 0.00040 0.000 -1 1549585602.450379
35.620000 1.612 0.000 0.00040 0.000 -1 1549585602.470030
35.640000 1.616 0.000 0.00040 0.000 -1 1549585602.490132
35.660000 1.620 0.000 0.00040 0.000 -1 1549585602.509873
35.680000 1.624 0.000 -0.00000 0.000 -1 1549585602.530782
35.700000 1.628 0.000 -0.00000 0.000 -1 1549585602.550155
35.720000 1.632 0.000 -0.00000 0.000 -1 1549585602.570855
35.740000 1.636 0.000 -0.00000 0.000 -1 1549585602.590191
35.760000 1.640 0.000 -0.00000 0.000 -1 1549585602.610360
35.780000 1.644 0.000 -0.00000 0.000 -1 1549585602.630021
35.800000 1.648 0.000 -0.00000 0.000 -1 1549585602.649953
35.820000 1.652 0.000 -0.00000 0.000 -1 1549585602.674040
35.840000 1.656 0.000 -0.00000 0.000 -1 1549585602.690098
35.860000 1.660 0.000 -0.00000 0.000 -1 1549585602.710106
35.880000 1.664 0.000 -0.00000 0.000 -1 1549585602.730239
35.900000 1.668 0.000 -0.00000 0.000 -1 1549585602.750310
35.920000 1.672 0.000 -0.00000 0.000 -1 1549585602.770382
35.940000 1.676 0.000 -0.00000 0.000 -1 1549585602.790937
35.960000 1.680 0.000 0.00040 0.000 -1 1549585602.810145
35.980000 1.684 0.000 0.00040 0.000 -1 1549585602.829950
36.000000 1.688 0.000 0.00040 0.000 -1 1549585602.850470
36.020000 1.692 0.000 0.00040 0.000 -1 1549585602.870119
36.040000 1.696 0.000 0.00040 0.000 -1 1549585602.890368
36.060000 1.700 0.000 0.00040 0.000 -1 1549585602.912506
36.080000 1.704 0.000 0.00040 0.000 -1 1549585602.930139
36.100000 1.708 0.000 0.00040 0.000 -1 1549585602.950044
36.120000 1.712 0.000 0.00040 0.000 -1 1549585602.970380
36.140000 1.716 0.000 -0.00000 0.000 -1 1549585602.990232
36.160000 1.720 0.000 -0.00000 0.000 -1 1549585603.010239
36.180000 1.724 0.000 -0.00000 0.000 -1 1549585603.034420
36.200000 1.728 0.000 -0.00000 0.000 -1 1549585603.050029
36.220000 1.732 0.000 -0.00000 0.000 -1 1549585603.070206
36.240000 1.736 0.000 -0.00000 0.000 -1 1549585603.090198
36.260000 1.740 0.000 -0.00000 0.000 -1 1549585603.110673
36.280000 1.744 0.000 -0.00000 0.000 -1 1549585603.130132
36.300000 1.748 0.000 -0.00000 0.000 -1 1549585603.150025
36.320000 1.752 0.000 -0.00000 0.000 -1 1549585603.171044
36.340000 1.756 0.000 -0.00000 0.000 -1 1549585603.190001
36.360000 1.760 0.000 -0.00000 0.000 -1 1549585603.210183
36.380000 1.764 0.000 -0.00000 0.000 -1 1549585603.229968
36.400000 1.768 0.000 -0.00000 0.000 -1 1549585603.250002
36.420000 1.772 0.000 0.00040 0.000 -1 1549585603.273712
36.440000 1.776 0.000 0.00040 0.000 -1 1549585603.290082
36.460000 1.780 0.000 0.00040 0.000 -1 1549585603.310145
36.480000 1.784 0.000 0.00040 0.000 -1 1549585603.331205
36.500000 1.788 0.000 0.00040 0.000 -1 1549585603.349885
36.520000 1.792 0.000 0.00040 0.000 -1 1549585603.370258
36.540000 1.796 0.000 0.00040 0.000 -1 1549585603.394019
36.560000 1.800 0.000 0.00040 0.000 -1 1549585603.410201
36.580000 1.804 0.000 0.00040 0.000 -1 1549585603.429971
36.600000 1.808 0.000 -0.00000 0.000 -1 1549585603.449858
36.620000 1.812 0.000 -0.00000 0.000 -1 1549585603.469807
36.640000 1.816 0.000 -0.00000 0.000 -1 1549585603.490108
36.660000 1.820 0.000 -0.00000 0.000 -1 1549585603.510232
36.680000 1.824 0.000 -0.00000 0.000 -1 1549585603.530276
36.700000 1.828 0.000 -0.00000 0.000 -1 1549585603.554516
36.720000 1.832 0.000 -0.00000 0.000 -1 1549585603.570624
36.740000 1.836 0.000 -0.00000 0.000 -1 1549585603.590221
36.760000 1.840 0.000 -0.00000 0.000 -1 1549585603.610281
36.780000 1.844 0.000 -0.00000 0.000 -1 1549585603.630054
36.800000 1.848 0.000 -0.00000 0.000 -1 1549585603.650088
36.820000 1.852 0.000 -0.00000 0.000 -1 1549585603.674684
36.840000 1.856 0.000 -0.00000 0.000 -1 1549585603.690115
36.860000 1.860 0.000 -0.00000 0.000 -1 1549585603.710345
36.880000 1.864 0.000 0.00040 0.000 -1 1549585603.731190
36.900000 1.868 0.000 0.00040 0.000 -1 1549585603.750052
36.920000 1.872 0.000 0.00040 0.000 -1 1549585603.770620
36.940000 1.876 0.000 0.00040 0.000 -1 1549585603.792523
36.960000 1.880 0.000 0.00040 0.000 -1 1549585603.810178
36.980000 1.884 0.000 0.00040 0.000 -1 1549585603.830190
37.000000 1.888 0.000 0.00040 0.000 -1 1549585603.850579
37.020000 1.892 0.000 0.00040 0.000 -1 1549585603.870241
37.040000 1.896 0.000 0.00040 0.000 -1 1549585603.890586
37.060000 1.900 0.000 -0.00000 0.000 -1 1549585603.910029
37.080000 1.904 0.000 -0.00000 0.000 -1 1549585603.929957
37.100000 1.908 0.000 -0.00000 0.000 -1 1549585603.950876
37.120000 1.912 0.000 -0.00000 0.000 -1 1549585603.970382
37.140000 1.916 0.000 -0.00000 0.000 -1 1549585603.990322
37.160000 1.920 0.000 -0.00000 0.000 -1 1549585604.010151
37.180000 1.924 0.000 -0.00000 0.000 -1 1549585604.035494
37.200000 1.928 0.000 -0.00000 0.000 -1 1549585604.050422
37.220000 1.932 0.000 -0.00000 0.000 -1 1549585604.070368
37.240000 1.936 0.000 -0.00000 0.000 -1 1549585604.090138
37.260000 1.940 0.000 -0.00000 0.000 -1 1549585604.110117
37.280000 1.944 0.000 -0.00000 0.000 -1 1549585604.130636
37.300000 1.948 0.000 -0.00000 0.000 -1 1549585604.150409
37.320000 1.952 0.000 0.00040 0.000 -1 1549585604.170970
37.340000 1.955 0.000 0.00040 0.000 -1 1549585604.190052
37.360000 1.959 0.000 -0.00000 0.000 -1 1549585604.210100
37.380000 1.962 0.000 -0.00000 0.000 -1 1549585604.230314
37.400000 1.965 0.000 -0.00000 0.000 -1 1549585604.250121
37.430000 1.970 0.000 -0.00000 0.000 -1 1549585604.280030
37.460000 1.974 0.000 -0.00000 0.000 -1 1549585604.310230
37.490000 1.978 0.000 -0.00000 0.000 -1 1549585604.340178
37.520000 1.982 0.000 -0.00000 0.000 -1 1549585604.370885
37.550000 1.985 0.000 0.00040 0.000 -1 1549585604.400462
37.580000 1.988 0.000 -0.00000 0.000 -1 1549585604.430241
37.620000 1.992 0.000 -0.00000 0.000 -1 1549585604.470063
37.670000 1.995 0.000 -0.00000 0.000 -1 1549585604.520199
37.730000 1.999 0.000 0.00470 0.000 -1 1549585604.580633
37.750000 2.000 0.000 0.01260 0.000 -1 1549585604.600948
37.810000 2.003 0.000 0.00510 0.000 -1 1549585604.660087
37.830000 2.004 0.000 -0.00590 0.000 -1 1549585604.680191
37.840000 2.004 0.000 -0.01260 0.000 -1 1549585604.690142
37.850000 2.005 0.000 -0.01970 0.000 -1 1549585604.700202
37.860000 2.006 0.000 -0.02760 0.000 -1 1549585604.710432
37.870000 2.006 0.000 -0.03700 0.000 -1 1549585604.720430
37.880000 2.006 0.000 -0.04650 0.000 -1 1549585604.730937
37.890000 2.007 0.000 -0.05630 0.000 -1 1549585604.740702
37.900000 2.008 0.000 -0.06660 0.000 -1 1549585604.750560
37.910000 2.008 0.000 -0.07680 0.000 -1 1549585604.760311
37.920000 2.009 0.000 -0.08830 0.000 -1 1549585604.770335
37.930000 2.009 0.000 -0.09930 0.000 -1 1549585604.780075
37.940000 2.010 0.000 -0.11110 0.000 -1 1549585604.790118
37.950000 2.010 -0.000 -0.12290 0.000 -1 1549585604.800244
37.960000 2.011 -0.000 -0.13480 0.000 -1 1549585604.810275
37.970000 2.011 -0.000 -0.14700 0.000 -1 1549585604.821417
37.980000 2.012 -0.000 -0.15880 0.000 -1 1549585604.830067
37.990000 2.012 -0.000 -0.17060 0.000 -1 1549585604.840156
38.000000 2.013 -0.000 -0.18240 0.000 -1 1549585604.849810
38.010000 2.013 -0.001 -0.19470 0.000 -1 1549585604.860473
38.020000 2.014 -0.001 -0.20650 0.000 -1 1549585604.874856
38.030000 2.014 -0.001 -0.21870 0.000 -1 1549585604.880072
38.040000 2.015 -0.001 -0.23090 0.000 -1 1549585604.890170
38.050000 2.015 -0.001 -0.24270 0.000 -1 1549585604.900006
38.060000 2.015 -0.001 -0.25490 0.000 -1 1549585604.910216
38.070000 2.016 -0.001 -0.26680 0.000 -1 1549585604.920093
38.080000 2.016 -0.001 -0.27860 0.000 -1 1549585604.930353
38.090000 2.017 -0.001 -0.29040 0.000 -1 1549585604.940077
38.100000 2.017 -0.002 -0.30180 0.000 -1 1549585604.949866
38.110000 2.017 -0.002 -0.31290 0.000 -1 1549585604.960247
38.120000 2.018 -0.002 -0.32390 0.000 -1 1549585604.969957
38.130000 2.018 -0.002 -0.33410 0.000 -1 1549585604.980129
38.140000 2.018 -0.002 -0.34440 0.000 -1 1549585604.992286
38.150000 2.019 -0.002 -0.35460 0.000 -1 1549585605.000476
38.160000 2.019 -0.002 -0.36410 0.000 -1 1549585605.011050
38.170000 2.019 -0.002 -0.37320 0.000 -1 1549585605.020007
38.180000 2.020 -0.003 -0.38260 0.000 -1 1549585605.030127
38.190000 2.020 -0.003 -0.39210 0.000 -1 1549585605.040896
38.200000 2.020 -0.003 -0.40070 0.000 -1 1549585605.050089
38.210000 2.021 -0.003 -0.40900 0.000 -1 1549585605.060355
38.220000 2.021 -0.003 -0.41770 0.000 -1 1549585605.070079
38.230000 2.022 -0.003 -0.42600 0.000 -1 1549585605.080216
38.240000 2.022 -0.003 -0.43420 0.000 -1 1549585605.090152
38.250000 2.022 -0.004 -0.44210 0.000 -1 1549585605.100095
38.260000 2.022 -0.004 -0.45000 0.000 -1 1549585605.112273
38.270000 2.022 -0.004 -0.45830 0.000 -1 1549585605.119836
38.280000 2.023 -0.004 -0.46610 0.000 -1 1549585605.130028
38.290000 2.023 -0.004 -0.47360 0.000 -1 1549585605.140030
38.300000 2.024 -0.004 -0.48110 0.000 -1 1549585605.150054
38.310000 2.024 -0.004 -0.48900 0.000 -1 1549585605.160151
38.320000 2.024 -0.005 -0.49610 0.000 -1 1549585605.170052
38.330000 2.024 -0.005 -0.50320 0.000 -1 1549585605.180093
38.340000 2.025 -0.005 -0.51070 0.000 -1 1549585605.190032
38.350000 2.025 -0.005 -0.51780 0.000 -1 1549585605.200087
38.360000 2.025 -0.005 -0.52490 0.000 -1 1549585605.209960
38.370000 2.026 -0.005 -0.53200 0.000 -1 1549585605.220378
38.380000 2.026 -0.006 -0.53870 0.000 -1 1549585605.235125
38.390000 2.026 -0.006 -0.54570 0.000 -1 1549585605.240123
38.400000 2.027 -0.006 -0.55240 0.000 -1 1549585605.250057
38.410000 2.027 -0.006 -0.55950 0.000 -1 1549585605.260307
38.420000 2.027 -0.006 -0.56620 0.000 -1 1549585605.270436
38.430000 2.028 -0.007 -0.57330 0.000 -1 1549585605.280161
38.440000 2.028 -0.007 -0.58040 0.000 -1 1549585605.290351
38.450000 2.028 -0.007 -0.58750 0.000 -1 1549585605.300118
38.460000 2.029 -0.007 -0.59500 0.000 -1 1549585605.310655
38.470000 2.029 -0.007 -0.60210 0.000 -1 1549585605.320121
38.480000 2.029 -0.007 -0.60920 0.000 -1 1549585605.330015
38.490000 2.029 -0.008 -0.61710 0.000 -1 1549585605.340173
38.500000 2.030 -0.008 -0.62380 0.000 -1 1549585605.353821
38.510000 2.030 -0.008 -0.63050 0.000 -1 1549585605.360013
38.520000 2.030 -0.008 -0.63760 0.000 -1 1549585605.369854
38.530000 2.030 -0.009 -0.64430 0.000 -1 1549585605.380299
38.540000 2.031 -0.009 -0.65130 0.000 -1 1549585605.390185
38.550000 2.031 -0.009 -0.65840 0.000 -1 1549585605.400105
38.560000 2.031 -0.009 -0.66510 0.000 -1 1549585605.410140
38.570000 2.032 -0.010 -0.67220 0.000 -1 1549585605.420327
38.580000 2.032 -0.010 -0.67930 0.000 -1 1549585605.430066
38.590000 2.032 -0.010 -0.68640 0.000 -1 1549585605.439878
38.600000 2.033 -0.010 -0.69350 0.000 -1 1549585605.450498
38.610000 2.033 -0.010 -0.70100 0.000 -1 1549585605.460091
38.620000 2.033 -0.011 -0.70850 0.000 -1 1549585605.473379
38.630000 2.033 -0.011 -0.71560 0.000 -1 1549585605.480199
38.640000 2.034 -0.011 -0.72230 0.000 -1 1549585605.490129
38.650000 2.034 -0.011 -0.72940 0.000 -1 1549585605.500130
38.660000 2.034 -0.012 -0.73650 0.000 -1 1549585605.510048
38.670000 2.034 -0.012 -0.74360 0.000 -1 1549585605.520139
38.680000 2.035 -0.012 -0.75020 0.000 -1 1549585605.530307
38.690000 2.035 -0.013 -0.75730 0.000 -1 1549585605.540168
38.700000 2.035 -0.013 -0.76400 0.000 -1 1549585605.550270
38.710000 2.036 -0.013 -0.77070 0.000 -1 1549585605.560062
38.720000 2.036 -0.013 -0.77780 0.000 -1 1549585605.569853
38.730000 2.036 -0.014 -0.78490 0.000 -1 1549585605.580709
38.740000 2.036 -0.014 -0.79200 0.000 -1 1549585605.590778
38.750000 2.037 -0.014 -0.79950 0.000 -1 1549585605.600187
38.760000 2.037 -0.014 -0.80740 0.000 -1 1549585605.610506
38.770000 2.037 -0.015 -0.81490 0.000 -1 1549585605.621013
38.780000 2.037 -0.015 -0.82240 0.000 -1 1549585605.629939
38.790000 2.038 -0.015 -0.82980 0.000 -1 1549585605.639989
38.800000 2.038 -0.015 -0.83690 0.000 -1 1549585605.653695
38.810000 2.038 -0.016 -0.84440 0.000 -1 1549585605.664281
38.820000 2.038 -0.016 -0.85190 0.000 -1 1549585605.670316
38.830000 2.038 -0.016 -0.85900 0.000 -1 1549585605.680301
38.840000 2.039 -0.016 -0.86570 0.000 -1 1549585605.690056
38.850000 2.039 -0.017 -0.87240 0.000 -1 1549585605.700368
38.860000 2.039 -0.017 -0.87950 0.000 -1 1549585605.712503
38.870000 2.039 -0.017 -0.88620 0.000 -1 1549585605.720149
38.880000 2.040 -0.018 -0.89330 0.000 -1 1549585605.729906
38.890000 2.040 -0.018 -0.90040 0.000 -1 1549585605.740151
38.900000 2.040 -0.018 -0.90710 0.000 -1 1549585605.750175
38.910000 2.041 -0.018 -0.91420 0.000 -1 1549585605.760259
38.920000 2.041 -0.019 -0.92130 0.000 -1 1549585605.770002
38.930000 2.041 -0.019 -0.92840 0.000 -1 1549585605.780282
38.940000 2.041 -0.019 -0.93620 0.000 -1 1549585605.790048
38.950000 2.041 -0.019 -0.94330 0.000 -1 1549585605.800007
38.960000 2.041 -0.020 -0.95040 0.000 -1 1549585605.809992
38.970000 2.042 -0.020 -0.95790 0.000 -1 1549585605.820004
38.980000 2.042 -0.020 -0.96500 0.000 -1 1549585605.830055
38.990000 2.042 -0.021 -0.97170 0.000 -1 1549585605.840565
39.000000 2.042 -0.021 -0.97840 0.000 -1 1549585605.852481
39.010000 2.042 -0.021 -0.98550 0.000 -1 1549585605.859903
39.020000 2.043 -0.022 -0.99260 0.000 -1 1549585605.870198
39.030000 2.043 -0.022 -0.99930 0.000 -1 1549585605.879924
39.040000 2.043 -0.022 -1.00640 0.000 -1 1549585605.889973
39.050000 2.043 -0.023 -1.01350 0.000 -1 1549585605.900323
39.060000 2.043 -0.023 -1.02020 0.000 -1 1549585605.910158
39.070000 2.044 -0.023 -1.02730 0.000 -1 1549585605.920112
39.080000 2.044 -0.024 -1.03440 0.000 -1 1549585605.930174
39.090000 2.044 -0.024 -1.04180 0.000 -1 1549585605.939778
39.100000 2.044 -0.024 -1.04930 0.000 -1 1549585605.950126
39.110000 2.044 -0.024 -1.05640 0.000 -1 1549585605.960178
39.120000 2.045 -0.025 -1.06350 0.000 -1 1549585605.970494
39.130000 2.045 -0.025 -1.07100 0.000 -1 1549585605.980551
39.140000 2.045 -0.025 -1.07770 0.000 -1 1549585605.990240
39.150000 2.045 -0.026 -1.08480 0.000 -1 1549585606.000028
39.160000 2.045 -0.026 -1.09150 0.000 -1 1549585606.010118
39.170000 2.045 -0.026 -1.09860 0.000 -1 1549585606.020100
39.180000 2.046 -0.027 -1.10570 0.000 -1 1549585606.029895
39.190000 2.046 -0.027 -1.11280 0.000 -1 1549585606.040176
39.200000 2.046 -0.027 -1.11950 0.000 -1 1549585606.050044
39.210000 2.046 -0.028 -1.12660 0.000 -1 1549585606.059991
39.220000 2.046 -0.028 -1.13360 0.000 -1 1549585606.069930
39.230000 2.046 -0.028 -1.14070 0.000 -1 1549585606.080162
39.240000 2.047 -0.029 -1.14780 0.000 -1 1549585606.090134
39.250000 2.047 -0.029 -1.15530 0.000 -1 1549585606.100119
39.260000 2.047 -0.029 -1.16240 0.000 -1 1549585606.110135
39.270000 2.047 -0.029 -1.16990 0.000 -1 1549585606.120187
39.280000 2.047 -0.030 -1.17740 0.000 -1 1549585606.129924
39.290000 2.047 -0.030 -1.18370 0.000 -1 1549585606.139879
39.300000 2.047 -0.030 -1.19080 0.000 -1 1549585606.150402
39.310000 2.047 -0.031 -1.19790 0.000 -1 1549585606.160131
39.320000 2.048 -0.031 -1.20500 0.000 -1 1549585606.170145
39.330000 2.048 -0.032 -1.21170 0.000 -1 1549585606.180416
39.340000 2.048 -0.032 -1.21880 0.000 -1 1549585606.193397
39.350000 2.048 -0.032 -1.22590 0.000 -1 1549585606.200373
39.360000 2.048 -0.033 -1.23260 0.000 -1 1549585606.209941
39.370000 2.048 -0.033 -1.23960 0.000 -1 1549585606.220308
39.380000 2.048 -0.034 -1.24630 0.000 -1 1549585606.230102
39.390000 2.049 -0.034 -1.25380 0.000 -1 1549585606.240316
39.400000 2.049 -0.034 -1.26090 0.000 -1 1549585606.250360
39.410000 2.049 -0.034 -1.26800 0.000 -1 1549585606.260306
39.420000 2.049 -0.035 -1.27590 0.000 -1 1549585606.270212
39.430000 2.049 -0.035 -1.28340 0.000 -1 1549585606.280392
39.440000 2.049 -0.035 -1.29050 0.000 -1 1549585606.290187
39.450000 2.049 -0.036 -1.29760 0.000 -1 1549585606.300192
39.460000 2.049 -0.036 -1.30470 0.000 -1 1549585606.310022
39.470000 2.049 -0.036 -1.31140 0.000 -1 1549585606.319756
39.480000 2.049 -0.037 -1.31850 0.000 -1 1549585606.330077
39.490000 2.050 -0.037 -1.32520 0.000 -1 1549585606.340006
39.500000 2.050 -0.038 -1.33190 0.000 -1 1549585606.350157
39.510000 2.050 -0.038 -1.33890 0.000 -1 1549585606.360411
39.520000 2.050 -0.038 -1.34600 0.000 -1 1549585606.370262
39.530000 2.050 -0.039 -1.35310 0.000 -1 1549585606.380144
39.540000 2.050 -0.039 -1.36060 0.000 -1 1549585606.389955
39.550000 2.050 -0.039 -1.36770 0.000 -1 1549585606.400117
39.560000 2.050 -0.040 -1.37520 0.000 -1 1549585606.410366
39.570000 2.050 -0.040 -1.38270 0.000 -1 1549585606.420005
39.580000 2.050 -0.040 -1.38980 0.000 -1 1549585606.429940
39.590000 2.050 -0.041 -1.39650 0.000 -1 1549585606.440482
39.600000 2.050 -0.041 -1.40320 0.000 -1 1549585606.450653
39.610000 2.050 -0.042 -1.41030 0.000 -1 1549585606.460117
39.620000 2.050 -0.042 -1.41700 0.000 -1 1549585606.469885
39.630000 2.050 -0.042 -1.42410 0.000 -1 1549585606.480019
39.640000 2.051 -0.043 -1.43110 0.000 -1 1549585606.489824
39.650000 2.051 -0.043 -1.43780 0.000 -1 1549585606.499975
39.660000 2.051 -0.043 -1.44530 0.000 -1 1549585606.509906
39.670000 2.051 -0.044 -1.45240 0.000 -1 1549585606.520013
39.680000 2.051 -0.044 -1.45990 0.000 -1 1549585606.530113
39.690000 2.051 -0.044 -1.46700 0.000 -1 1549585606.540979
39.700000 2.051 -0.044 -1.47450 0.000 -1 1549585606.555690
39.710000 2.051 -0.045 -1.48200 0.000 -1 1549585606.559994
39.720000 2.051 -0.045 -1.48870 0.000 -1 1549585606.570166
39.730000 2.051 -0.046 -1.49580 0.000 -1 1549585606.579968
39.740000 2.051 -0.046 -1.50250 0.000 -1 1549585606.590121
39.750000 2.051 -0.046 -1.50920 0.000 -1 1549585606.600169
39.760000 2.051 -0.047 -1.51630 0.000 -1 1549585606.609970
39.770000 2.051 -0.047 -1.52340 0.000 -1 1549585606.620144
39.780000 2.051 -0.048 -1.53010 0.000 -1 1549585606.630462
39.790000 2.051 -0.048 -1.53710 0.000 -1 1549585606.639999
39.800000 2.051 -0.048 -1.54420 0.000 -1 1549585606.650039
39.810000 2.051 -0.049 -1.55130 0.000 -1 1549585606.660420
39.820000 2.051 -0.049 -1.55840 0.000 -1 1549585606.675530
39.830000 2.051 -0.049 -1.56590 0.000 -1 1549585606.680283
39.840000 2.051 -0.050 -1.57340 0.000 -1 1549585606.689935
39.850000 2.051 -0.050 -1.58090 0.000 -1 1549585606.700244
39.860000 2.051 -0.050 -1.58800 0.000 -1 1549585606.710109
39.870000 2.051 -0.051 -1.59510 0.000 -1 1549585606.720053
39.880000 2.051 -0.051 -1.60180 0.000 -1 1549585606.730268
39.890000 2.051 -0.051 -1.60850 0.000 -1 1549585606.740537
39.900000 2.051 -0.052 -1.61560 0.000 -1 1549585606.750101
39.910000 2.051 -0.052 -1.62230 0.000 -1 1549585606.760670
39.920000 2.051 -0.053 -1.62930 0.000 -1 1549585606.770125
39.930000 2.051 -0.053 -1.63640 0.000 -1 1549585606.780160
39.940000 2.051 -0.053 -1.64350 0.000 -1 1549585606.791049
39.950000 2.051 -0.054 -1.65020 0.000 -1 1549585606.800157
39.960000 2.051 -0.054 -1.65730 0.000 -1 1549585606.810059
39.970000 2.051 -0.054 -1.66440 0.000 -1 1549585606.820259
39.980000 2.051 -0.055 -1.67150 0.000 -1 1549585606.830090
39.990000 2.051 -0.055 -1.67900 0.000 -1 1549585606.840077
40.000000 2.051 -0.055 -1.68650 0.000 -1 1549585606.850182
40.010000 2.051 -0.056 -1.69360 0.000 -1 1549585606.860197
40.020000 2.051 -0.056 -1.70110 0.000 -1 1549585606.870127
40.030000 2.051 -0.056 -1.70820 0.000 -1 1549585606.880106
40.040000 2.050 -0.057 -1.71450 0.000 -1 1549585606.890003
40.050000 2.050 -0.057 -1.72160 0.000 -1 1549585606.900580
40.060000 2.050 -0.058 -1.72860 0.000 -1 1549585606.909892
40.070000 2.050 -0.058 -1.73570 0.000 -1 1549585606.920514
40.080000 2.050 -0.058 -1.74240 0.000 -1 1549585606.930203
40.090000 2.050 -0.059 -1.74950 0.000 -1 1549585606.940299
40.100000 2.050 -0.059 -1.75660 0.000 -1 1549585606.950354
40.110000 2.050 -0.059 -1.76330 0.000 -1 1549585606.960273
40.120000 2.050 -0.060 -1.77080 0.000 -1 1549585606.970087
40.130000 2.050 -0.060 -1.77790 0.000 -1 1549585606.980194
40.140000 2.050 -0.060 -1.78540 0.000 -1 1549585606.989951
40.150000 2.050 -0.061 -1.79250 0.000 -1 1549585607.000728
40.160000 2.050 -0.061 -1.79960 0.000 -1 1549585607.010063
40.170000 2.050 -0.061 -1.80750 0.000 -1 1549585607.020322
40.180000 2.050 -0.062 -1.81420 0.000 -1 1549585607.029891
40.190000 2.050 -0.062 -1.82090 0.000 -1 1549585607.040146
40.200000 2.049 -0.062 -1.82790 0.000 -1 1549585607.050094
40.210000 2.049 -0.063 -1.83460 0.000 -1 1549585607.060092
40.220000 2.049 -0.063 -1.84170 0.000 -1 1549585607.070815
40.230000 2.049 -0.064 -1.84880 0.000 -1 1549585607.080250
40.240000 2.049 -0.064 -1.85550 0.000 -1 1549585607.089986
40.250000 2.049 -0.064 -1.86260 0.000 -1 1549585607.100641
40.260000 2.049 -0.065 -1.86970 0.000 -1 1549585607.110068
40.270000 2.049 -0.065 -1.87680 0.000 -1 1549585607.120264
40.280000 2.049 -0.065 -1.88390 0.000 -1 1549585607.130101
40.290000 2.049 -0.066 -1.89140 0.000 -1 1549585607.139913
40.300000 2.048 -0.066 -1.89890 0.000 -1 1549585607.149941
40.310000 2.048 -0.066 -1.90600 0.000 -1 1549585607.160176
40.320000 2.048 -0.067 -1.91350 0.000 -1 1549585607.170073
40.330000 2.048 -0.067 -1.92050 0.000 -1 1549585607.180087
40.340000 2.048 -0.067 -1.92680 0.000 -1 1549585607.190326
40.350000 2.048 -0.068 -1.93390 0.000 -1 1549585607.199970
40.360000 2.048 -0.068 -1.94100 0.000 -1 1549585607.209948
40.370000 2.047 -0.068 -1.94770 0.000 -1 1549585607.220140
40.380000 2.047 -0.069 -1.95480 0.000 -1 1549585607.230002
40.390000 2.047 -0.069 -1.96190 0.000 -1 1549585607.240192
40.400000 2.047 -0.070 -1.96860 0.000 -1 1549585607.250874
40.410000 2.047 -0.070 -1.97570 0.000 -1 1549585607.260211
40.420000 2.047 -0.070 -1.98280 0.000 -1 1549585607.274497
40.430000 2.047 -0.070 -1.98990 0.000 -1 1549585607.280592
40.440000 2.046 -0.071 -1.99700 0.000 -1 1549585607.290191
40.450000 2.046 -0.071 -2.00450 0.000 -1 1549585607.300786
40.460000 2.046 -0.071 -2.01200 0.000 -1 1549585607.310437
40.470000 2.046 -0.072 -2.01940 0.000 -1 1549585607.320256
40.480000 2.046 -0.072 -2.02650 0.000 -1 1549585607.329916
40.490000 2.046 -0.072 -2.03360 0.000 -1 1549585607.340030
40.500000 2.046 -0.073 -2.04070 0.000 -1 1549585607.350360
40.510000 2.045 -0.073 -2.04780 0.000 -1 1549585607.360336
40.520000 2.045 -0.073 -2.05490 0.000 -1 1549585607.370239
40.530000 2.045 -0.074 -2.06160 0.000 -1 1549585607.380562
40.540000 2.045 -0.074 -2.06870 0.000 -1 1549585607.392705
40.550000 2.045 -0.074 -2.07580 0.000 -1 1549585607.400598
40.560000 2.044 -0.075 -2.08290 0.000 -1 1549585607.410324
40.570000 2.044 -0.075 -2.08920 0.000 -1 1549585607.420149
40.580000 2.044 -0.075 -2.09630 0.000 -1 1549585607.430098
40.590000 2.044 -0.076 -2.10380 0.000 -1 1549585607.439970
40.600000 2.044 -0.076 -2.11090 0.000 -1 1549585607.450508
40.610000 2.043 -0.076 -2.11870 0.000 -1 1549585607.460406
40.620000 2.043 -0.077 -2.12660 0.000 -1 1549585607.470037
40.630000 2.043 -0.077 -2.13370 0.000 -1 1549585607.479897
40.640000 2.043 -0.077 -2.14080 0.000 -1 1549585607.489906
40.650000 2.043 -0.077 -2.14830 0.000 -1 1549585607.500544
40.660000 2.043 -0.078 -2.15540 0.000 -1 1549585607.510132
40.670000 2.042 -0.078 -2.16290 0.000 -1 1549585607.520082
40.680000 2.042 -0.078 -2.16960 0.000 -1 1549585607.530693
40.690000 2.042 -0.079 -2.17670 0.000 -1 1549585607.540021
40.700000 2.042 -0.079 -2.18380 0.000 -1 1549585607.550302
40.710000 2.042 -0.079 -2.19050 0.000 -1 1549585607.560148
40.720000 2.041 -0.080 -2.19760 0.000 -1 1549585607.569823
40.730000 2.041 -0.080 -2.20460 0.000 -1 1549585607.580111
40.740000 2.041 -0.080 -2.21130 0.000 -1 1549585607.590091
40.750000 2.041 -0.080 -2.21840 0.000 -1 1549585607.600165
40.760000 2.040 -0.081 -2.22510 0.000 -1 1549585607.609942
40.770000 2.040 -0.081 -2.23220 0.000 -1 1549585607.620057
40.780000 2.040 -0.081 -2.23970 0.000 -1 1549585607.630057
40.790000 2.040 -0.082 -2.24680 0.000 -1 1549585607.640521
40.800000 2.039 -0.082 -2.25470 0.000 -1 1549585607.650069
40.810000 2.039 -0.082 -2.26220 0.000 -1 1549585607.660663
40.820000 2.039 -0.082 -2.26930 0.000 -1 1549585607.675545
40.830000 2.039 -0.083 -2.27680 0.000 -1 1549585607.680240
40.840000 2.039 -0.083 -2.28420 0.000 -1 1549585607.690138
40.850000 2.038 -0.083 -2.29130 0.000 -1 1549585607.700050
40.860000 2.038 -0.083 -2.29840 0.000 -1 1549585607.710172
40.870000 2.038 -0.084 -2.30510 0.000 -1 1549585607.720136
40.880000 2.038 -0.084 -2.31220 0.000 -1 1549585607.730197
40.890000 2.037 -0.084 -2.31930 0.000 -1 1549585607.740280
40.900000 2.037 -0.085 -2.32560 0.000 -1 1549585607.750029
40.910000 2.037 -0.085 -2.33270 0.000 -1 1549585607.759874
40.920000 2.037 -0.085 -2.33980 0.000 -1 1549585607.770087
40.930000 2.036 -0.086 -2.34690 0.000 -1 1549585607.780069
40.940000 2.036 -0.086 -2.35400 0.000 -1 1549585607.789883
40.950000 2.036 -0.086 -2.36150 0.000 -1 1549585607.800440
40.960000 2.036 -0.086 -2.36860 0.000 -1 1549585607.810093
40.970000 2.035 -0.086 -2.37640 0.000 -1 1549585607.820378
40.980000 2.035 -0.087 -2.38350 0.000 -1 1549585607.830253
40.990000 2.035 -0.087 -2.39100 0.000 -1 1549585607.840275
41.000000 2.035 -0.087 -2.39810 0.000 -1 1549585607.851243
41.010000 2.034 -0.087 -2.40480 0.000 -1 1549585607.860222
41.020000 2.034 -0.088 -2.41150 0.000 -1 1549585607.869992
41.030000 2.034 -0.088 -2.41860 0.000 -1 1549585607.880273
41.040000 2.034 -0.088 -2.42570 0.000 -1 1549585607.890244
41.050000 2.033 -0.088 -2.43240 0.000 -1 1549585607.900133
41.060000 2.033 -0.089 -2.43950 0.000 -1 1549585607.910186
41.070000 2.033 -0.089 -2.44660 0.000 -1 1549585607.919974
41.080000 2.032 -0.089 -2.45410 0.000 -1 1549585607.930187
41.090000 2.032 -0.089 -2.46160 0.000 -1 1549585607.940196
41.100000 2.032 -0.089 -2.46900 0.000 -1 1549585607.950423
41.110000 2.032 -0.090 -2.47650 0.000 -1 1549585607.960356
41.120000 2.031 -0.090 -2.48320 0.000 -1 1549585607.969996
41.130000 2.031 -0.090 -2.49030 0.000 -1 1549585607.980104
41.140000 2.031 -0.090 -2.49740 0.000 -1 1549585607.990114
41.150000 2.030 -0.091 -2.50410 0.000 -1 1549585608.000216
41.160000 2.030 -0.091 -2.51080 0.000 -1 1549585608.010095
41.170000 2.030 -0.091 -2.51790 0.000 -1 1549585608.020461
41.180000 2.030 -0.091 -2.52540 0.000 -1 1549585608.032985
41.190000 2.029 -0.091 -2.53250 0.000 -1 1549585608.040019
41.200000 2.029 -0.092 -2.54040 0.000 -1 1549585608.050070
41.210000 2.029 -0.092 -2.54790 0.000 -1 1549585608.060020
41.220000 2.028 -0.092 -2.55530 0.000 -1 1549585608.070007
41.230000 2.028 -0.092 -2.56240 0.000 -1 1549585608.080178
41.240000 2.028 -0.092 -2.56990 0.000 -1 1549585608.090316
41.250000 2.028 -0.092 -2.57700 0.000 -1 1549585608.100549
41.260000 2.027 -0.093 -2.58410 0.000 -1 1549585608.109943
41.270000 2.027 -0.093 -2.59120 0.000 -1 1549585608.120120
41.280000 2.027 -0.093 -2.59830 0.000 -1 1549585608.129975
41.290000 2.026 -0.093 -2.60500 0.000 -1 1549585608.140315
41.300000 2.026 -0.093 -2.61210 0.000 -1 1549585608.152650
41.310000 2.026 -0.094 -2.61920 0.000 -1 1549585608.160666
41.320000 2.025 -0.094 -2.62630 0.000 -1 1549585608.170188
41.330000 2.025 -0.094 -2.63300 0.000 -1 1549585608.180103
41.340000 2.025 -0.094 -2.64010 0.000 -1 1549585608.189949
41.350000 2.024 -0.095 -2.64680 0.000 -1 1549585608.200090
41.360000 2.024 -0.095 -2.65420 0.000 -1 1549585608.210563
41.370000 2.024 -0.095 -2.66130 0.000 -1 1549585608.223173
41.380000 2.023 -0.095 -2.66840 0.000 -1 1549585608.230141
41.390000 2.023 -0.095 -2.67630 0.000 -1 1549585608.240167
41.400000 2.023 -0.095 -2.68380 0.000 -1 1549585608.250215
41.410000 2.022 -0.095 -2.69090 0.000 -1 1549585608.260969
41.420000 2.022 -0.096 -2.69800 0.000 -1 1549585608.273087
41.430000 2.022 -0.096 -2.70510 0.000 -1 1549585608.280013
41.440000 2.021 -0.096 -2.71180 0.000 -1 1549585608.289974
41.450000 2.021 -0.096 -2.71890 0.000 -1 1549585608.300209
41.460000 2.021 -0.096 -2.72560 0.000 -1 1549585608.310158
41.470000 2.020 -0.096 -2.73230 0.000 -1 1549585608.320890
41.480000 2.020 -0.097 -2.73940 0.000 -1 1549585608.329992
41.490000 2.020 -0.097 -2.74640 0.000 -1 1549585608.340090
41.500000 2.019 -0.097 -2.75350 0.000 -1 1549585608.350205
41.510000 2.019 -0.097 -2.76100 0.000 -1 1549585608.360146
41.520000 2.019 -0.097 -2.76890 0.000 -1 1549585608.370208
41.530000 2.018 -0.097 -2.77640 0.000 -1 1549585608.380515
41.540000 2.018 -0.097 -2.78390 0.000 -1 1549585608.391201
41.550000 2.018 -0.097 -2.79140 0.000 -1 1549585608.400106
41.560000 2.017 -0.098 -2.79890 0.000 -1 1549585608.410431
41.570000 2.017 -0.098 -2.80630 0.000 -1 1549585608.419777
41.580000 2.017 -0.098 -2.81340 0.000 -1 1549585608.430006
41.590000 2.016 -0.098 -2.82130 0.000 -1 1549585608.440059
41.600000 2.016 -0.098 -2.82760 0.000 -1 1549585608.450150
41.610000 2.016 -0.098 -2.83470 0.000 -1 1549585608.460140
41.620000 2.015 -0.098 -2.84180 0.000 -1 1549585608.470003
41.630000 2.015 -0.098 -2.84850 0.000 -1 1549585608.480277
41.640000 2.014 -0.099 -2.85560 0.000 -1 1549585608.490109
41.650000 2.014 -0.099 -2.86270 0.000 -1 1549585608.499906
41.660000 2.014 -0.099 -2.86980 0.000 -1 1549585608.510243
41.670000 2.014 -0.099 -2.87730 0.000 -1 1549585608.520200
41.680000 2.013 -0.099 -2.88440 0.000 -1 1549585608.530511
41.690000 2.013 -0.099 -2.89180 0.000 -1 1549585608.540932
41.700000 2.013 -0.099 -2.89930 0.000 -1 1549585608.550028
41.710000 2.012 -0.099 -2.90560 0.000 -1 1549585608.560035
41.720000 2.012 -0.099 -2.91270 0.000 -1 1549585608.569972
41.730000 2.011 -0.099 -2.91980 0.000 -1 1549585608.580174
41.740000 2.011 -0.099 -2.92690 0.000 -1 1549585608.589974
41.750000 2.011 -0.099 -2.93360 0.000 -1 1549585608.600061
41.760000 2.010 -0.100 -2.94070 0.000 -1 1549585608.610170
41.770000 2.010 -0.100 -2.94780 0.000 -1 1549585608.620476
41.780000 2.010 -0.100 -2.95490 0.000 -1 1549585608.630024
41.790000 2.009 -0.100 -2.96200 0.000 -1 1549585608.640022
41.800000 2.009 -0.100 -2.96950 0.000 -1 1549585608.650040
41.810000 2.009 -0.100 -2.97660 0.000 -1 1549585608.660204
41.820000 2.008 -0.100 -2.98410 0.000 -1 1549585608.675918
41.830000 2.008 -0.100 -2.99150 0.000 -1 1549585608.680136
41.840000 2.008 -0.100 -2.99860 0.000 -1 1549585608.690033
41.850000 2.007 -0.100 -3.00530 0.000 -1 1549585608.700452
41.860000 2.007 -0.100 -3.01200 0.000 -1 1549585608.710909
41.870000 2.006 -0.100 -3.01910 0.000 -1 1549585608.720299
41.880000 2.006 -0.100 -3.02580 0.000 -1 1549585608.730017
41.890000 2.006 -0.100 -3.03290 0.000 -1 1549585608.739981
41.900000 2.005 -0.100 -3.04000 0.000 -1 1549585608.750566
41.910000 2.005 -0.100 -3.04670 0.000 -1 1549585608.760079
41.920000 2.005 -0.100 -3.05380 0.000 -1 1549585608.770321
41.930000 2.004 -0.100 -3.06090 0.000 -1 1549585608.780278
41.940000 2.004 -0.100 -3.06800 0.000 -1 1549585608.793665
41.950000 2.004 -0.100 -3.07590 0.000 -1 1549585608.800386
41.960000 2.003 -0.100 -3.08340 0.000 -1 1549585608.810579
41.970000 2.003 -0.100 -3.09040 0.000 -1 1549585608.820393
41.980000 2.003 -0.100 -3.09790 0.000 -1 1549585608.829795
41.990000 2.002 -0.100 -3.10460 0.000 -1 1549585608.840026
42.000000 2.002 -0.101 -3.11170 0.000 -1 1549585608.850329
42.010000 2.002 -0.101 -3.11880 0.000 -1 1549585608.860248
42.020000 2.001 -0.101 -3.12550 0.000 -1 1549585608.870082
42.030000 2.001 -0.101 -3.13260 0.000 -1 1549585608.880237
42.040000 2.000 -0.101 -3.13970 0.000 -1 1549585608.889902
42.050000 2.000 -0.101 3.13640 0.000 -1 1549585608.900312
42.060000 2.000 -0.101 3.12930 0.000 -1 1549585608.912704
42.070000 1.999 -0.101 3.12180 0.000 -1 1549585608.920292
42.080000 1.999 -0.101 3.11430 0.000 -1 1549585608.929838
42.130000 1.996 -0.100 3.12060 0.000 -1 1549585608.980113
42.160000 1.995 -0.100 3.12650 0.000 -1 1549585609.009978
42.210000 1.992 -0.100 3.13250 0.000 -1 1549585609.061064
42.260000 1.989 -0.100 3.13640 0.000 -1 1549585609.110128
42.300000 1.986 -0.100 3.13840 0.000 -1 1549585609.150054
42.340000 1.983 -0.100 3.13990 0.000 -1 1549585609.190012
42.380000 1.978 -0.100 3.14070 0.000 -1 1549585609.229937
42.410000 1.975 -0.100 3.14070 0.000 -1 1549585609.261822
42.440000 1.972 -0.100 3.14150 0.000 -1 1549585609.290199
42.470000 1.968 -0.100 3.14150 0.000 -1 1549585609.319810
42.500000 1.963 -0.100 3.14150 0.000 -1 1549585609.350038
42.520000 1.960 -0.100 3.14110 0.000 -1 1549585609.370011
42.550000 1.955 -0.100 -3.14130 0.000 -1 1549585609.400253
42.570000 1.952 -0.100 -3.14130 0.000 -1 1549585609.420233
42.590000 1.949 -0.100 -3.14130 0.000 -1 1549585609.440224
42.610000 1.945 -0.100 3.14150 0.000 -1 1549585609.459959
42.630000 1.942 -0.100 3.14150 0.000 -1 1549585609.480165
42.650000 1.938 -0.100 -3.14130 0.000 -1 1549585609.501020
42.670000 1.934 -0.100 -3.14130 0.000 -1 1549585609.520054
42.690000 1.930 -0.100 -3.14130 0.000 -1 1549585609.540089
42.710000 1.926 -0.100 -3.14130 0.000 -1 1549585609.560265
42.730000 1.922 -0.100 -3.14130 0.000 -1 1549585609.580209
42.750000 1.918 -0.100 -3.14130 0.000 -1 1549585609.600197
42.770000 1.914 -0.100 -3.14130 0.000 -1 1549585609.621063
42.790000 1.910 -0.100 -3.14130 0.000 -1 1549585609.640176
42.810000 1.906 -0.100 -3.14130 0.000 -1 1549585609.660034
42.830000 1.902 -0.100 -3.14130 0.000 -1 1549585609.680228
42.850000 1.898 -0.100 -3.14130 0.000 -1 1549585609.700714
42.870000 1.894 -0.100 -3.14130 0.000 -1 1549585609.720400
42.890000 1.890 -0.100 -3.14130 0.000 -1 1549585609.740223
42.910000 1.886 -0.100 -3.14130 0.000 -1 1549585609.759986
42.930000 1.882 -0.100 -3.14130 0.000 -1 1549585609.780601
42.950000 1.878 -0.100 -3.14130 0.000 -1 1549585609.800097
42.970000 1.874 -0.100 3.14150 0.000 -1 1549585609.820279
42.990000 1.870 -0.100 3.14150 0.000 -1 1549585609.840009
43.010000 1.866 -0.100 3.14150 0.000 -1 1549585609.860780
43.030000 1.862 -0.100 3.14150 0.000 -1 1549585609.880258
43.050000 1.858 -0.100 3.14150 0.000 -1 1549585609.899905
43.070000 1.854 -0.100 3.14150 0.000 -1 1549585609.920055
43.090000 1.850 -0.100 -3.14130 0.000 -1 1549585609.940167
43.110000 1.846 -0.100 -3.14130 0.000 -1 1549585609.960375
43.130000 1.842 -0.100 -3.14130 0.000 -1 1549585609.980294
43.150000 1.838 -0.100 -3.14130 0.000 -1 1549585610.000310
43.170000 1.834 -0.100 -3.14130 0.000 -1 1549585610.020072
43.190000 1.830 -0.100 -3.14130 0.000 -1 1549585610.040273
43.210000 1.826 -0.100 -3.14130 0.000 -1 1549585610.060477
43.230000 1.822 -0.100 -3.14130 0.000 -1 1549585610.079969
43.250000 1.818 -0.100 -3.14130 0.000 -1 1549585610.100671
43.270000 1.814 -0.100 -3.14130 0.000 -1 1549585610.120401
43.290000 1.810 -0.100 -3.14130 0.000 -1 1549585610.139961
43.310000 1.806 -0.100 -3.14130 0.000 -1 1549585610.159992
43.330000 1.802 -0.100 -3.14130 0.000 -1 1549585610.179895
43.350000 1.798 -0.100 -3.14130 0.000 -1 1549585610.200045
43.370000 1.794 -0.100 -3.14130 0.000 -1 1549585610.220049
43.390000 1.790 -0.100 -3.14130 0.000 -1 1549585610.240116
43.410000 1.786 -0.100 -3.14130 0.000 -1 1549585610.260282
43.430000 1.782 -0.100 3.14150 0.000 -1 1549585610.280050
43.450000 1.778 -0.100 3.14150 0.000 -1 1549585610.300222
43.470000 1.774 -0.100 3.14150 0.000 -1 1549585610.320322
43.490000 1.770 -0.100 3.14150 0.000 -1 1549585610.340070
43.510000 1.766 -0.100 3.14150 0.000 -1 1549585610.360120
43.530000 1.762 -0.100 3.14150 0.000 -1 1549585610.379995
43.550000 1.758 -0.100 -3.14130 0.000 -1 1549585610.400247
43.570000 1.754 -0.100 -3.14130 0.000 -1 1549585610.421157
43.590000 1.750 -0.100 -3.14130 0.000 -1 1549585610.440031
43.610000 1.746 -0.100 -3.14130 0.000 -1 1549585610.460324
43.630000 1.742 -0.100 -3.14130 0.000 -1 1549585610.480155
43.650000 1.738 -0.100 -3.14130 0.000 -1 1549585610.500373
43.670000 1.734 -0.100 -3.14130 0.000 -1 1549585610.519923
43.690000 1.730 -0.100 -3.14130 0.000 -1 1549585610.539919
43.710000 1.726 -0.100 -3.14130 0.000 -1 1549585610.560485
43.730000 1.722 -0.100 -3.14130 0.000 -1 1549585610.580126
43.750000 1.718 -0.100 -3.14130 0.000 -1 1549585610.600049
43.770000 1.714 -0.100 -3.14130 0.000 -1 1549585610.621199
43.790000 1.710 -0.100 -3.14130 0.000 -1 1549585610.640114
43.810000 1.706 -0.100 -3.14130 0.000 -1 1549585610.660354
43.830000 1.702 -0.100 -3.14130 0.000 -1 1549585610.679993
43.850000 1.698 -0.100 -3.14130 0.000 -1 1549585610.700587
43.870000 1.694 -0.100 -3.14130 0.000 -1 1549585610.720096
43.890000 1.690 -0.100 3.14150 0.000 -1 1549585610.740525
43.910000 1.686 -0.100 3.14150 0.000 -1 1549585610.759958
43.930000 1.682 -0.100 3.14150 0.000 -1 1549585610.780345
43.950000 1.678 -0.100 3.14150 0.000 -1 1549585610.800693
43.970000 1.674 -0.100 3.14150 0.000 -1 1549585610.820499
43.990000 1.670 -0.100 3.14150 0.000 -1 1549585610.840732
44.010000 1.666 -0.100 -3.14130 0.000 -1 1549585610.860715
44.030000 1.662 -0.100 -3.14130 0.000 -1 1549585610.880138
44.050000 1.658 -0.100 -3.14130 0.000 -1 1549585610.900338
44.070000 1.654 -0.100 -3.14130 0.000 -1 1549585610.920661
44.090000 1.650 -0.100 -3.14130 0.000 -1 1549585610.940503
44.110000 1.646 -0.100 -3.14130 0.000 -1 1549585610.960302
44.130000 1.642 -0.100 -3.14130 0.000 -1 1549585610.980062
44.150000 1.638 -0.100 -3.14130 0.000 -1 1549585611.000146
44.170000 1.634 -0.100 -3.14130 0.000 -1 1549585611.025198
44.190000 1.630 -0.100 -3.14130 0.000 -1 1549585611.040509
44.210000 1.626 -0.100 -3.14130 0.000 -1 1549585611.060512
44.230000 1.622 -0.100 -3.14130 0.000 -1 1549585611.080014
44.250000 1.618 -0.100 -3.14130 0.000 -1 1549585611.100140
44.270000 1.614 -0.100 -3.14130 0.000 -1 1549585611.120192
44.290000 1.610 -0.100 -3.14130 0.000 -1 1549585611.140754
44.310000 1.606 -0.100 -3.14130 0.000 -1 1549585611.159936
44.330000 1.602 -0.100 -3.14130 0.000 -1 1549585611.180159
44.350000 1.598 -0.100 3.14150 0.000 -1 1549585611.200184
44.370000 1.594 -0.100 3.14150 0.000 -1 1549585611.220573
44.390000 1.590 -0.100 3.14150 0.000 -1 1549585611.240451
44.410000 1.586 -0.100 3.14150 0.000 -1 1549585611.260347
44.430000 1.582 -0.100 3.14150 0.000 -1 1549585611.280585
44.450000 1.578 -0.100 3.14150 0.000 -1 1549585611.300736
44.470000 1.574 -0.100 3.14150 0.000 -1 1549585611.321057
44.490000 1.570 -0.100 -3.14130 0.000 -1 1549585611.340127
44.510000 1.566 -0.100 -3.14130 0.000 -1 1549585611.360688
44.530000 1.562 -0.100 -3.14130 0.000 -1 1549585611.380024
44.550000 1.558 -0.100 -3.14130 0.000 -1 1549585611.400316
44.570000 1.554 -0.100 -3.14130 0.000 -1 1549585611.419822
44.590000 1.550 -0.100 -3.14130 0.000 -1 1549585611.440437
44.610000 1.546 -0.100 -3.14130 0.000 -1 1549585611.460315
44.630000 1.542 -0.100 -3.14130 0.000 -1 1549585611.479940
44.650000 1.538 -0.100 -3.14130 0.000 -1 1549585611.500196
44.670000 1.534 -0.100 -3.14130 0.000 -1 1549585611.520191
44.690000 1.530 -0.100 -3.14130 0.000 -1 1549585611.540593
44.710000 1.526 -0.100 -3.14130 0.000 -1 1549585611.560284
44.730000 1.522 -0.100 -3.14130 0.000 -1 1549585611.580531
44.750000 1.518 -0.100 -3.14130 0.000 -1 1549585611.599946
44.770000 1.514 -0.100 -3.14130 0.000 -1 1549585611.619838
44.790000 1.510 -0.100 -3.14130 0.000 -1 1549585611.640286
44.810000 1.506 -0.100 3.14150 0.000 -1 1549585611.660135
44.830000 1.502 -0.100 3.14150 0.000 -1 1549585611.680029
44.850000 1.498 -0.100 3.14150 0.000 -1 1549585611.700052
44.870000 1.494 -0.100 3.14150 0.000 -1 1549585611.720432
44.890000 1.490 -0.100 3.14150 0.000 -1 1549585611.740654
44.910000 1.486 -0.100 3.14150 0.000 -1 1549585611.760640
44.930000 1.482 -0.100 3.14150 0.000 -1 1549585611.780348
44.950000 1.478 -0.100 -3.14130 0.000 -1 1549585611.800472
44.970000 1.474 -0.100 -3.14130 0.000 -1 1549585611.820030
44.990000 1.470 -0.100 -3.14130 0.000 -1 1549585611.840028
45.010000 1.466 -0.100 -3.14130 0.000 -1 1549585611.860020
45.030000 1.462 -0.100 -3.14130 0.000 -1 1549585611.890224
45.050000 1.458 -0.100 -3.14130 0.000 -1 1549585611.910145
45.070000 1.454 -0.100 -3.14130 0.000 -1 1549585611.930247
45.090000 1.450 -0.100 -3.14130 0.000 -1 1549585611.950125
45.110000 1.446 -0.100 -3.14130 0.000 -1 1549585611.970399
45.130000 1.442 -0.100 -3.14130 0.000 -1 1549585611.990205
45.150000 1.438 -0.100 -3.14130 0.000 -1 1549585612.010133
45.170000 1.434 -0.100 -3.14130 0.000 -1 1549585612.029865
45.190000 1.430 -0.100 -3.14130 0.000 -1 1549585612.049960
45.210000 1.426 -0.100 -3.14130 0.000 -1 1549585612.070492
45.230000 1.422 -0.100 -3.14130 0.000 -1 1549585612.090238
45.250000 1.418 -0.100 -3.14130 0.000 -1 1549585612.110080
45.270000 1.414 -0.100 3.14150 0.000 -1 1549585612.130193
45.290000 1.410 -0.100 3.14150 0.000 -1 1549585612.153361
45.310000 1.406 -0.100 3.14150 0.000 -1 1549585612.169912
45.330000 1.402 -0.100 3.14150 0.000 -1 1549585612.190931
45.350000 1.398 -0.100 3.14150 0.000 -1 1549585612.210650
45.370000 1.394 -0.100 3.14150 0.000 -1 1549585612.230163
45.390000 1.390 -0.100 3.14150 0.000 -1 1549585612.249952
45.410000 1.386 -0.100 -3.14130 0.000 -1 1549585612.275661
45.430000 1.382 -0.100 -3.14130 0.000 -1 1549585612.290163
45.450000 1.378 -0.100 -3.14130 0.000 -1 1549585612.310309
45.470000 1.374 -0.100 -3.14130 0.000 -1 1549585612.330266
45.490000 1.370 -0.100 -3.14130 0.000 -1 1549585612.350457
45.510000 1.366 -0.100 -3.14130 0.000 -1 1549585612.370788
45.530000 1.362 -0.100 -3.14130 0.000 -1 1549585612.390063
45.550000 1.358 -0.100 -3.14130 0.000 -1 1549585612.410208
45.570000 1.354 -0.100 -3.14130 0.000 -1 1549585612.430185
45.590000 1.350 -0.100 -3.14130 0.000 -1 1549585612.449901
45.610000 1.346 -0.100 -3.14130 0.000 -1 1549585612.471395
45.630000 1.342 -0.100 -3.14130 0.000 -1 1549585612.489982
45.650000 1.338 -0.100 -3.14130 0.000 -1 1549585612.510121
45.670000 1.334 -0.100 -3.14130 0.000 -1 1549585612.531205
45.690000 1.330 -0.100 -3.14130 0.000 -1 1549585612.550296
45.710000 1.326 -0.100 -3.14130 0.000 -1 1549585612.570801
45.730000 1.322 -0.100 3.14150 0.000 -1 1549585612.590249
45.750000 1.318 -0.100 3.14150 0.000 -1 1549585612.610038
45.770000 1.314 -0.100 3.14150 0.000 -1 1549585612.630086
45.790000 1.310 -0.100 3.14150 0.000 -1 1549585612.649925
45.810000 1.306 -0.100 3.14150 0.000 -1 1549585612.670477
45.830000 1.302 -0.100 3.14150 0.000 -1 1549585612.690584
45.850000 1.298 -0.100 3.14150 0.000 -1 1549585612.710261
45.870000 1.294 -0.100 -3.14130 0.000 -1 1549585612.730400
45.890000 1.290 -0.100 -3.14130 0.000 -1 1549585612.755964
45.910000 1.286 -0.100 -3.14130 0.000 -1 1549585612.770260
45.930000 1.282 -0.100 -3.14130 0.000 -1 1549585612.789939
45.950000 1.278 -0.100 -3.14130 0.000 -1 1549585612.809965
45.970000 1.274 -0.100 -3.14130 0.000 -1 1549585612.830135
45.990000 1.270 -0.100 -3.14130 0.000 -1 1549585612.850796
46.010000 1.266 -0.100 -3.14130 0.000 -1 1549585612.874812
46.030000 1.262 -0.100 -3.14130 0.000 -1 1549585612.890401
46.050000 1.258 -0.100 -3.14130 0.000 -1 1549585612.910604
46.070000 1.254 -0.100 -3.14130 0.000 -1 1549585612.930390
46.090000 1.250 -0.100 -3.14130 0.000 -1 1549585612.950245
46.110000 1.246 -0.100 -3.14130 0.000 -1 1549585612.970360
46.130000 1.242 -0.100 -3.14130 0.000 -1 1549585612.994622
46.150000 1.238 -0.100 -3.14130 0.000 -1 1549585613.010629
46.170000 1.234 -0.100 -3.14130 0.000 -1 1549585613.029932
46.190000 1.230 -0.100 3.14150 0.000 -1 1549585613.050584
46.210000 1.226 -0.100 3.14150 0.000 -1 1549585613.069821
46.230000 1.222 -0.100 3.14150 0.000 -1 1549585613.090123
46.250000 1.218 -0.100 3.14150 0.000 -1 1549585613.110094
46.270000 1.214 -0.100 3.14150 0.000 -1 1549585613.130853
46.290000 1.210 -0.100 3.14150 0.000 -1 1549585613.150212
46.310000 1.206 -0.100 3.14150 0.000 -1 1549585613.170312
46.330000 1.202 -0.100 -3.14130 0.000 -1 1549585613.193180
46.350000 1.198 -0.100 -3.14130 0.000 -1 1549585613.210612
46.370000 1.194 -0.100 -3.14130 0.000 -1 1549585613.230858
46.390000 1.190 -0.100 -3.14130 0.000 -1 1549585613.249943
46.410000 1.186 -0.100 -3.14130 0.000 -1 1549585613.272014
46.430000 1.182 -0.100 -3.14130 0.000 -1 1549585613.290091
46.450000 1.178 -0.100 -3.14130 0.000 -1 1549585613.310065
46.470000 1.174 -0.100 -3.14130 0.000 -1 1549585613.330166
46.490000 1.170 -0.100 -3.14130 0.000 -1 1549585613.350733
46.510000 1.166 -0.100 -3.14130 0.000 -1 1549585613.370154
46.530000 1.162 -0.100 -3.14130 0.000 -1 1549585613.390034
46.550000 1.158 -0.101 -3.14130 0.000 -1 1549585613.410317
46.570000 1.154 -0.101 -3.14130 0.000 -1 1549585613.429847
46.590000 1.150 -0.101 -3.14130 0.000 -1 1549585613.450075
46.610000 1.146 -0.101 -3.14130 0.000 -1 1549585613.475833
46.630000 1.142 -0.101 -3.14130 0.000 -1 1549585613.489822
46.650000 1.138 -0.101 3.14150 0.000 -1 1549585613.510129
46.670000 1.134 -0.101 3.14150 0.000 -1 1549585613.530381
46.690000 1.130 -0.101 3.14150 0.000 -1 1549585613.550032
46.710000 1.126 -0.101 3.14150 0.000 -1 1549585613.570323
46.730000 1.122 -0.101 3.14150 0.000 -1 1549585613.593879
46.750000 1.118 -0.101 3.14150 0.000 -1 1549585613.610561
46.770000 1.114 -0.101 3.14150 0.000 -1 1549585613.630356
46.790000 1.110 -0.101 -3.14130 0.000 -1 1549585613.650204
46.810000 1.106 -0.101 -3.14130 0.000 -1 1549585613.670124
46.830000 1.102 -0.101 -3.14130 0.000 -1 1549585613.689971
46.850000 1.098 -0.101 -3.14130 0.000 -1 1549585613.710842
46.870000 1.094 -0.101 -3.14130 0.000 -1 1549585613.730268
46.890000 1.090 -0.101 -3.14130 0.000 -1 1549585613.749977
46.910000 1.086 -0.101 -3.14130 0.000 -1 1549585613.770309
46.930000 1.082 -0.101 -3.14130 0.000 -1 1549585613.790199
46.950000 1.078 -0.101 -3.14130 0.000 -1 1549585613.810087
46.970000 1.074 -0.101 -3.14130 0.000 -1 1549585613.830159
46.990000 1.070 -0.101 -3.14130 0.000 -1 1549585613.850278
47.010000 1.066 -0.101 -3.14130 0.000 -1 1549585613.870496
47.030000 1.062 -0.101 -3.14130 0.000 -1 1549585613.890172
47.050000 1.058 -0.101 -3.14130 0.000 -1 1549585613.910356
47.070000 1.054 -0.101 -3.14130 0.000 -1 1549585613.930183
47.090000 1.050 -0.101 -3.14130 0.000 -1 1549585613.950019
47.110000 1.046 -0.101 3.14150 0.000 -1 1549585613.970152
47.130000 1.042 -0.101 3.14150 0.000 -1 1549585613.990354
47.150000 1.038 -0.101 3.14150 0.000 -1 1549585614.010366
47.170000 1.034 -0.101 3.14150 0.000 -1 1549585614.030078
47.190000 1.030 -0.101 3.14150 0.000 -1 1549585614.050057
47.210000 1.026 -0.101 3.14150 0.000 -1 1549585614.070579
47.230000 1.022 -0.101 3.14150 0.000 -1 1549585614.090032
47.250000 1.018 -0.101 -3.14130 0.000 -1 1549585614.110174
47.270000 1.014 -0.101 -3.14130 0.000 -1 1549585614.130171
47.290000 1.010 -0.101 -3.14130 0.000 -1 1549585614.150096
47.310000 1.006 -0.101 -3.14130 0.000 -1 1549585614.170112
47.330000 1.002 -0.101 -3.14130 0.000 -1 1549585614.190126
47.350000 0.998 -0.101 -3.14130 0.000 -1 1549585614.210190
47.370000 0.994 -0.101 -3.14130 0.000 -1 1549585614.230192
47.390000 0.990 -0.101 -3.14130 0.000 -1 1549585614.250346
47.410000 0.986 -0.101 -3.14130 0.000 -1 1549585614.270832
47.430000 0.982 -0.101 -3.14130 0.000 -1 1549585614.290153
47.450000 0.978 -0.101 -3.14130 0.000 -1 1549585614.310898
47.470000 0.974 -0.101 -3.14130 0.000 -1 1549585614.330252
47.490000 0.970 -0.101 -3.14130 0.000 -1 1549585614.350906
47.510000 0.966 -0.101 -3.14130 0.000 -1 1549585614.371786
47.530000 0.962 -0.101 -3.14130 0.000 -1 1549585614.390297
47.550000 0.958 -0.101 -3.14130 0.000 -1 1549585614.410249
47.570000 0.954 -0.101 3.14150 0.000 -1 1549585614.432023
47.590000 0.950 -0.101 3.14150 0.000 -1 1549585614.450606
47.610000 0.946 -0.101 3.14150 0.000 -1 1549585614.470189
47.630000 0.942 -0.101 3.14150 0.000 -1 1549585614.489872
47.650000 0.938 -0.101 3.14150 0.000 -1 1549585614.510132
47.670000 0.934 -0.101 3.14150 0.000 -1 1549585614.530233
47.690000 0.930 -0.101 3.14150 0.000 -1 1549585614.550304
47.710000 0.926 -0.101 -3.14130 0.000 -1 1549585614.570454
47.730000 0.922 -0.101 -3.14130 0.000 -1 1549585614.590053
47.750000 0.918 -0.101 -3.14130 0.000 -1 1549585614.610579
47.770000 0.914 -0.101 -3.14130 0.000 -1 1549585614.630107
47.790000 0.910 -0.101 -3.14130 0.000 -1 1549585614.650739
47.810000 0.906 -0.101 -3.14130 0.000 -1 1549585614.669854
47.830000 0.902 -0.101 -3.14130 0.000 -1 1549585614.690529
47.850000 0.898 -0.101 -3.14130 0.000 -1 1549585614.709982
47.870000 0.894 -0.101 -3.14130 0.000 -1 1549585614.730741
47.890000 0.890 -0.101 -3.14130 0.000 -1 1549585614.750085
47.910000 0.886 -0.101 -3.14130 0.000 -1 1549585614.770136
47.930000 0.882 -0.101 -3.14130 0.000 -1 1549585614.790140
47.950000 0.878 -0.101 -3.14130 0.000 -1 1549585614.810161
47.970000 0.874 -0.101 -3.14130 0.000 -1 1549585614.830012
47.990000 0.870 -0.101 -3.14130 0.000 -1 1549585614.850498
48.010000 0.866 -0.101 -3.14130 0.000 -1 1549585614.869921
48.030000 0.862 -0.101 3.14150 0.000 -1 1549585614.890033
48.050000 0.858 -0.101 3.14150 0.000 -1 1549585614.909914
48.070000 0.854 -0.101 3.14150 0.000 -1 1549585614.930288
48.090000 0.850 -0.101 3.14150 0.000 -1 1549585614.950577
48.110000 0.846 -0.101 3.14150 0.000 -1 1549585614.970251
48.130000 0.842 -0.101 3.14150 0.000 -1 1549585614.990592
48.150000 0.838 -0.101 3.14150 0.000 -1 1549585615.010094
48.170000 0.834 -0.101 -3.14130 0.000 -1 1549585615.030099
48.190000 0.830 -0.101 -3.14130 0.000 -1 1549585615.050630
48.210000 0.826 -0.101 -3.14130 0.000 -1 1549585615.070428
48.230000 0.822 -0.101 -3.14130 0.000 -1 1549585615.090260
48.250000 0.818 -0.101 -3.14130 0.000 -1 1549585615.110310
48.270000 0.814 -0.101 -3.14130 0.000 -1 1549585615.130155
48.290000 0.810 -0.101 -3.14130 0.000 -1 1549585615.150057
48.310000 0.806 -0.101 -3.14130 0.000 -1 1549585615.171278
48.330000 0.802 -0.101 -3.14130 0.000 -1 1549585615.190212
48.350000 0.798 -0.101 -3.14130 0.000 -1 1549585615.210183
48.370000 0.794 -0.101 -3.14130 0.000 -1 1549585615.230241
48.390000 0.790 -0.101 -3.14130 0.000 -1 1549585615.250222
48.410000 0.786 -0.101 -3.14130 0.000 -1 1549585615.270055
48.430000 0.782 -0.101 -3.14130 0.000 -1 1549585615.289884
48.450000 0.778 -0.101 -3.14130 0.000 -1 1549585615.310170
48.470000 0.774 -0.101 -3.14130 0.000 -1 1549585615.330373
48.490000 0.770 -0.101 3.14150 0.000 -1 1549585615.350077
48.510000 0.766 -0.101 3.14150 0.000 -1 1549585615.370074
48.530000 0.762 -0.101 3.14150 0.000 -1 1549585615.394722
48.550000 0.758 -0.101 3.14150 0.000 -1 1549585615.410041
48.570000 0.754 -0.101 3.14150 0.000 -1 1549585615.430598
48.590000 0.750 -0.101 3.14150 0.000 -1 1549585615.450132
48.610000 0.746 -0.101 3.14150 0.000 -1 1549585615.470172
48.630000 0.742 -0.101 -3.14130 0.000 -1 1549585615.490138
48.650000 0.738 -0.101 -3.14130 0.000 -1 1549585615.512379
48.670000 0.734 -0.101 -3.14130 0.000 -1 1549585615.530285
48.690000 0.730 -0.101 -3.14130 0.000 -1 1549585615.550102
48.710000 0.726 -0.101 -3.14130 0.000 -1 1549585615.570209
48.730000 0.722 -0.101 -3.14130 0.000 -1 1549585615.590159
48.750000 0.718 -0.101 -3.14130 0.000 -1 1549585615.610155
48.770000 0.714 -0.101 -3.14130 0.000 -1 1549585615.632391
48.790000 0.710 -0.101 -3.14130 0.000 -1 1549585615.650412
48.810000 0.706 -0.101 -3.14130 0.000 -1 1549585615.670458
48.830000 0.702 -0.101 -3.14130 0.000 -1 1549585615.690603
48.850000 0.698 -0.101 -3.14130 0.000 -1 1549585615.710263
48.870000 0.694 -0.101 -3.14130 0.000 -1 1549585615.730042
48.890000 0.690 -0.101 -3.14130 0.000 -1 1549585615.751796
48.910000 0.686 -0.101 -3.14130 0.000 -1 1549585615.770083
48.930000 0.682 -0.101 -3.14130 0.000 -1 1549585615.789986
48.950000 0.678 -0.101 3.14150 0.000 -1 1549585615.810058
48.970000 0.674 -0.101 3.14150 0.000 -1 1549585615.830195
48.990000 0.670 -0.101 3.14150 0.000 -1 1549585615.850028
49.010000 0.666 -0.101 3.14150 0.000 -1 1549585615.876799
49.030000 0.662 -0.101 3.14150 0.000 -1 1549585615.890349
49.050000 0.658 -0.101 3.14150 0.000 -1 1549585615.910196
49.070000 0.654 -0.101 3.14150 0.000 -1 1549585615.930123
49.090000 0.650 -0.101 -3.14130 0.000 -1 1549585615.949890
49.110000 0.646 -0.101 -3.14130 0.000 -1 1549585615.969961
49.130000 0.642 -0.101 -3.14130 0.000 -1 1549585615.994014
49.150000 0.638 -0.101 -3.14130 0.000 -1 1549585616.010380
49.170000 0.634 -0.101 -3.14130 0.000 -1 1549585616.030123
49.190000 0.630 -0.101 -3.14130 0.000 -1 1549585616.050183
49.210000 0.626 -0.101 -3.14130 0.000 -1 1549585616.070177
49.230000 0.622 -0.101 -3.14130 0.000 -1 1549585616.090002
49.250000 0.618 -0.101 -3.14130 0.000 -1 1549585616.113343
49.270000 0.614 -0.101 -3.14130 0.000 -1 1549585616.130807
49.290000 0.610 -0.101 -3.14130 0.000 -1 1549585616.150120
49.310000 0.606 -0.101 -3.14130 0.000 -1 1549585616.170141
49.330000 0.602 -0.101 -3.14130 0.000 -1 1549585616.190258
49.350000 0.598 -0.101 -3.14130 0.000 -1 1549585616.210262
49.370000 0.594 -0.101 -3.14130 0.000 -1 1549585616.230174
49.390000 0.590 -0.101 -3.14130 0.000 -1 1549585616.250371
49.410000 0.586 -0.101 3.14150 0.000 -1 1549585616.270415
49.430000 0.582 -0.101 3.14150 0.000 -1 1549585616.290143
49.450000 0.578 -0.101 3.14150 0.000 -1 1549585616.310168
49.470000 0.574 -0.101 3.14150 0.000 -1 1549585616.330129
49.490000 0.570 -0.101 3.14150 0.000 -1 1549585616.350919
49.510000 0.566 -0.101 3.14150 0.000 -1 1549585616.370143
49.530000 0.562 -0.101 3.14150 0.000 -1 1549585616.390321
49.550000 0.558 -0.101 -3.14130 0.000 -1 1549585616.410550
49.570000 0.554 -0.101 -3.14130 0.000 -1 1549585616.429997
49.590000 0.550 -0.101 -3.14130 0.000 -1 1549585616.450309
49.610000 0.546 -0.101 -3.14130 0.000 -1 1549585616.473571
49.630000 0.542 -0.101 -3.14130 0.000 -1 1549585616.490012
49.650000 0.538 -0.101 -3.14130 0.000 -1 1549585616.510112
49.670000 0.534 -0.101 -3.14130 0.000 -1 1549585616.531205
49.690000 0.530 -0.101 -3.14130 0.000 -1 1549585616.550289
49.710000 0.526 -0.101 -3.14130 0.000 -1 1549585616.571254
49.730000 0.522 -0.101 -3.14130 0.000 -1 1549585616.589957
49.750000 0.518 -0.101 -3.14130 0.000 -1 1549585616.610209
49.770000 0.514 -0.101 -3.14130 0.000 -1 1549585616.630052
49.790000 0.510 -0.101 -3.14130 0.000 -1 1549585616.650224
49.810000 0.506 -0.101 -3.14130 0.000 -1 1549585616.669905
49.830000 0.502 -0.101 -3.14130 0.000 -1 1549585616.690124
49.850000 0.498 -0.101 -3.14130 0.000 -1 1549585616.710074
49.870000 0.494 -0.101 3.14150 0.000 -1 1549585616.730088
49.890000 0.490 -0.101 3.14150 0.000 -1 1549585616.750490
49.910000 0.486 -0.101 3.14150 0.000 -1 1549585616.771004
49.930000 0.482 -0.101 3.14150 0.000 -1 1549585616.790178
49.950000 0.478 -0.101 3.14150 0.000 -1 1549585616.810289
49.970000 0.474 -0.101 3.14150 0.000 -1 1549585616.829939
49.990000 0.470 -0.101 3.14150 0.000 -1 1549585616.850007
50.010000 0.466 -0.101 -3.14130 0.000 -1 1549585616.870780
50.030000 0.462 -0.101 -3.14130 0.000 -1 1549585616.890313
50.050000 0.458 -0.101 -3.14130 0.000 -1 1549585616.910245
50.070000 0.454 -0.101 -3.14130 0.000 -1 1549585616.929824
50.090000 0.450 -0.101 -3.14130 0.000 -1 1549585616.950080
50.110000 0.446 -0.101 -3.14130 0.000 -1 1549585616.970386
50.130000 0.442 -0.101 -3.14130 0.000 -1 1549585616.990184
50.150000 0.438 -0.101 -3.14130 0.000 -1 1549585617.009992
50.170000 0.434 -0.101 -3.14130 0.000 -1 1549585617.030241
50.190000 0.430 -0.101 -3.14130 0.000 -1 1549585617.050232
50.210000 0.426 -0.101 -3.14130 0.000 -1 1549585617.070143
50.230000 0.422 -0.101 -3.14130 0.000 -1 1549585617.090433
50.250000 0.418 -0.101 -3.14130 0.000 -1 1549585617.110224
50.270000 0.414 -0.101 -3.14130 0.000 -1 1549585617.130147
50.290000 0.410 -0.101 -3.14130 0.000 -1 1549585617.149994
50.310000 0.406 -0.101 -3.14130 0.000 -1 1549585617.170012
50.330000 0.402 -0.101 3.14150 0.000 -1 1549585617.190072
50.350000 0.398 -0.101 3.14150 0.000 -1 1549585617.210243
50.370000 0.394 -0.101 3.14150 0.000 -1 1549585617.230005
50.390000 0.390 -0.101 3.14150 0.000 -1 1549585617.250312
50.410000 0.386 -0.101 3.14150 0.000 -1 1549585617.270792
50.430000 0.382 -0.101 3.14150 0.000 -1 1549585617.290046
50.450000 0.378 -0.101 3.14150 0.000 -1 1549585617.310174
50.470000 0.374 -0.101 -3.14130 0.000 -1 1549585617.330974
50.490000 0.370 -0.101 -3.14130 0.000 -1 1549585617.349887
50.510000 0.366 -0.101 -3.14130 0.000 -1 1549585617.370504
50.530000 0.362 -0.101 -3.14130 0.000 -1 1549585617.389994
50.550000 0.358 -0.101 -3.14130 0.000 -1 1549585617.409960
50.570000 0.354 -0.101 -3.14130 0.000 -1 1549585617.430798
50.590000 0.350 -0.101 -3.14130 0.000 -1 1549585617.450268
50.610000 0.346 -0.101 -3.14130 0.000 -1 1549585617.470392
50.630000 0.342 -0.101 -3.14130 0.000 -1 1549585617.491160
50.650000 0.338 -0.101 -3.14130 0.000 -1 1549585617.510162
50.670000 0.334 -0.101 -3.14130 0.000 -1 1549585617.530464
50.690000 0.330 -0.101 -3.14130 0.000 -1 1549585617.549883
50.710000 0.326 -0.101 -3.14130 0.000 -1 1549585617.570345
50.730000 0.322 -0.101 -3.14130 0.000 -1 1549585617.596822
50.750000 0.318 -0.101 -3.14130 0.000 -1 1549585617.610344
50.770000 0.314 -0.101 -3.14130 0.000 -1 1549585617.629980
50.790000 0.310 -0.101 3.14150 0.000 -1 1549585617.650172
50.810000 0.306 -0.101 3.14150 0.000 -1 1549585617.670065
50.830000 0.302 -0.101 3.14150 0.000 -1 1549585617.690557
50.850000 0.298 -0.101 3.14150 0.000 -1 1549585617.709994
50.870000 0.294 -0.101 3.14150 0.000 -1 1549585617.730374
50.890000 0.290 -0.101 3.14150 0.000 -1 1549585617.750113
50.910000 0.286 -0.101 3.14150 0.000 -1 1549585617.770441
50.930000 0.282 -0.101 -3.14130 0.000 -1 1549585617.790291
50.950000 0.278 -0.101 -3.14130 0.000 -1 1549585617.810000
50.970000 0.274 -0.101 -3.14130 0.000 -1 1549585617.830197
50.990000 0.270 -0.101 -3.14130 0.000 -1 1549585617.849973
51.010000 0.266 -0.101 -3.14130 0.000 -1 1549585617.870001
51.030000 0.262 -0.101 -3.14130 0.000 -1 1549585617.890354
51.050000 0.258 -0.101 -3.14130 0.000 -1 1549585617.910051
51.070000 0.254 -0.101 -3.14130 0.000 -1 1549585617.930083
51.090000 0.250 -0.101 -3.14130 0.000 -1 1549585617.950031
51.110000 0.246 -0.101 -3.14130 0.000 -1 1549585617.970046
51.130000 0.242 -0.101 -3.14130 0.000 -1 1549585617.990041
51.150000 0.238 -0.101 -3.14130 0.000 -1 1549585618.010337
51.170000 0.234 -0.101 -3.14130 0.000 -1 1549585618.030182
51.190000 0.230 -0.101 -3.14130 0.000 -1 1549585618.049950
51.210000 0.226 -0.101 -3.14130 0.000 -1 1549585618.075172
51.230000 0.222 -0.101 -3.14130 0.000 -1 1549585618.090224
51.250000 0.218 -0.101 3.14150 0.000 -1 1549585618.110153
51.270000 0.214 -0.101 3.14150 0.000 -1 1549585618.130018
51.290000 0.210 -0.101 3.14150 0.000 -1 1549585618.150026
51.310000 0.206 -0.101 3.14150 0.000 -1 1549585618.170149
51.330000 0.202 -0.101 3.14150 0.000 -1 1549585618.190212
51.350000 0.198 -0.101 3.14150 0.000 -1 1549585618.210017
51.370000 0.194 -0.101 3.14150 0.000 -1 1549585618.230152
51.390000 0.190 -0.101 -3.14130 0.000 -1 1549585618.250203
51.410000 0.186 -0.101 -3.14130 0.000 -1 1549585618.270667
51.430000 0.182 -0.101 -3.14130 0.000 -1 1549585618.290168
51.450000 0.178 -0.101 -3.14130 0.000 -1 1549585618.313355
51.470000 0.174 -0.101 -3.14130 0.000 -1 1549585618.330232
51.490000 0.170 -0.101 -3.14130 0.000 -1 1549585618.350965
51.510000 0.166 -0.101 -3.14130 0.000 -1 1549585618.371528
51.530000 0.162 -0.101 -3.14130 0.000 -1 1549585618.390118
51.550000 0.158 -0.101 -3.14130 0.000 -1 1549585618.409997
51.570000 0.154 -0.101 -3.14130 0.000 -1 1549585618.432616
51.590000 0.150 -0.101 -3.14130 0.000 -1 1549585618.450074
51.610000 0.146 -0.101 -3.14130 0.000 -1 1549585618.470381
51.630000 0.142 -0.101 -3.14130 0.000 -1 1549585618.490274
51.650000 0.138 -0.101 -3.14130 0.000 -1 1549585618.510028
51.670000 0.134 -0.101 -3.14130 0.000 -1 1549585618.531098
51.690000 0.130 -0.101 -3.14130 0.000 -1 1549585618.550149
51.710000 0.126 -0.101 3.14150 0.000 -1 1549585618.570560
51.730000 0.122 -0.101 3.14150 0.000 -1 1549585618.590174
51.750000 0.118 -0.101 3.14150 0.000 -1 1549585618.610007
51.770000 0.114 -0.101 3.14150 0.000 -1 1549585618.629910
51.790000 0.110 -0.101 3.14150 0.000 -1 1549585618.650324
51.810000 0.106 -0.101 3.14150 0.000 -1 1549585618.670263
51.830000 0.102 -0.101 3.14150 0.000 -1 1549585618.690658
51.850000 0.098 -0.101 -3.14130 0.000 -1 1549585618.711789
51.870000 0.094 -0.101 -3.14130 0.000 -1 1549585618.730041
51.890000 0.090 -0.101 -3.14130 0.000 -1 1549585618.750406
51.910000 0.086 -0.101 -3.14130 0.000 -1 1549585618.771262
51.930000 0.082 -0.101 -3.14130 0.000 -1 1549585618.790529
51.950000 0.078 -0.101 -3.14130 0.000 -1 1549585618.810134
51.970000 0.074 -0.101 -3.14130 0.000 -1 1549585618.831748
51.990000 0.070 -0.101 -3.14130 0.000 -1 1549585618.850129
52.010000 0.066 -0.101 -3.14130 0.000 -1 1549585618.870840
52.030000 0.062 -0.101 -3.14130 0.000 -1 1549585618.890370
52.050000 0.058 -0.101 -3.14130 0.000 -1 1549585618.910146
52.070000 0.054 -0.101 -3.14130 0.000 -1 1549585618.930359
52.090000 0.050 -0.101 -3.14130 0.000 -1 1549585618.952408
52.110000 0.046 -0.101 3.14150 0.000 -1 1549585618.970195
52.130000 0.043 -0.101 3.14150 0.000 -1 1549585618.990077
52.150000 0.040 -0.101 -3.14130 0.000 -1 1549585619.010223
52.170000 0.036 -0.101 -3.14130 0.000 -1 1549585619.030042
52.190000 0.033 -0.101 3.14150 0.000 -1 1549585619.050120
52.210000 0.030 -0.101 3.14150 0.000 -1 1549585619.073718
52.240000 0.026 -0.101 3.14150 0.000 -1 1549585619.099995
52.270000 0.022 -0.101 3.14150 0.000 -1 1549585619.130401
52.300000 0.018 -0.101 3.14150 0.000 -1 1549585619.160744
52.330000 0.015 -0.101 3.14150 0.000 -1 1549585619.190545
52.360000 0.012 -0.101 3.14110 0.000 -1 1549585619.220137
52.400000 0.008 -0.101 -3.14130 0.000 -1 1549585619.260514
52.440000 0.005 -0.101 3.14150 0.000 -1 1549585619.300277
