1587.810000 0.000 0.000 0.00000 0.000 -1 1549482935.732125
1590.190000 0.003 -0.000 -0.00040 0.000 -1 1549482936.106603
1590.250000 0.006 -0.000 0.00040 0.000 -1 1549482936.172199
1590.300000 0.010 -0.000 0.00040 0.000 -1 1549482936.221637
1590.340000 0.013 0.000 0.00040 0.000 -1 1549482936.254603
1590.380000 0.017 0.000 0.00080 0.000 -1 1549482936.303698
1590.410000 0.020 0.000 0.00000 0.000 -1 1549482936.336909
1590.440000 0.023 0.000 0.00000 0.000 -1 1549482936.369755
1590.470000 0.027 0.000 0.00040 0.000 -1 1549482936.387000
1590.500000 0.031 0.000 -0.00040 0.000 -1 1549482936.419438
1590.530000 0.035 0.000 -0.00040 0.000 -1 1549482936.451362
1590.550000 0.038 0.000 -0.00040 0.000 -1 1549482936.467456
1590.570000 0.041 0.000 -0.00040 0.000 -1 1549482936.499496
1590.590000 0.044 -0.000 -0.00040 0.000 -1 1549482936.516064
1590.610000 0.048 -0.000 0.00040 0.000 -1 1549482936.533322
1590.630000 0.051 -0.000 0.00000 0.000 -1 1549482936.549624
1590.650000 0.055 -0.000 0.00000 0.000 -1 1549482936.566187
1590.670000 0.058 -0.000 0.00000 0.000 -1 1549482936.598259
1590.690000 0.062 0.000 0.00000 0.000 -1 1549482936.614443
1590.710000 0.066 -0.000 -0.00040 0.000 -1 1549482936.630524
1590.730000 0.070 -0.000 -0.00040 0.000 -1 1549482936.647679
1590.750000 0.074 -0.000 -0.00040 0.000 -1 1549482936.681316
1590.770000 0.079 -0.000 -0.00040 0.000 -1 1549482936.697358
1590.790000 0.083 -0.000 -0.00040 0.000 -1 1549482936.714291
1590.810000 0.087 -0.000 0.00000 0.000 -1 1549482936.731000
1590.830000 0.092 -0.000 0.00000 0.000 -1 1549482936.747845
1590.850000 0.097 -0.000 0.00000 0.000 -1 1549482936.764178
1590.870000 0.102 -0.000 0.00000 0.000 -1 1549482936.797870
1590.890000 0.107 -0.000 0.00040 0.000 -1 1549482936.814097
1590.910000 0.112 -0.000 0.00040 0.000 -1 1549482936.829985
1590.930000 0.117 -0.000 0.00080 0.000 -1 1549482936.846515
1590.950000 0.122 0.000 0.00040 0.000 -1 1549482936.878953
1590.970000 0.128 0.000 0.00040 0.000 -1 1549482936.895034
1590.990000 0.134 0.000 0.00080 0.000 -1 1549482936.911722
1591.010000 0.139 0.000 0.00000 0.000 -1 1549482936.927669
1591.030000 0.145 0.000 0.00000 0.000 -1 1549482936.944684
1591.040000 0.148 0.000 0.00040 0.000 -1 1549482936.960945
1591.050000 0.151 0.000 0.00000 0.000 -1 1549482936.977385
1591.070000 0.157 0.000 0.00000 0.000 -1 1549482936.993608
1591.080000 0.160 0.000 0.00000 0.000 -1 1549482937.009720
1591.090000 0.163 0.000 0.00000 0.000 -1 1549482937.009739
1591.100000 0.166 0.000 0.00000 0.000 -1 1549482937.025946
1591.110000 0.169 0.000 0.00040 0.000 -1 1549482937.025966
1591.120000 0.172 0.000 0.00000 0.000 -1 1549482937.042071
1591.130000 0.175 0.000 0.00000 0.000 -1 1549482937.057925
1591.140000 0.178 0.000 0.00000 0.000 -1 1549482937.057943
1591.150000 0.181 0.000 0.00000 0.000 -1 1549482937.074617
1591.160000 0.184 0.000 0.00000 0.000 -1 1549482937.074638
1591.180000 0.190 0.000 0.00040 0.000 -1 1549482937.107499
1591.190000 0.193 0.000 0.00000 0.000 -1 1549482937.107526
1591.200000 0.196 0.000 0.00000 0.000 -1 1549482937.123635
1591.210000 0.199 0.000 0.00000 0.000 -1 1549482937.123653
1591.220000 0.202 0.000 0.00000 0.000 -1 1549482937.139722
1591.230000 0.205 0.000 0.00000 0.000 -1 1549482937.155683
1591.240000 0.208 0.000 0.00000 0.000 -1 1549482937.155711
1591.250000 0.211 0.000 0.00040 0.000 -1 1549482937.172056
1591.260000 0.214 0.000 0.00000 0.000 -1 1549482937.187933
1591.280000 0.220 0.000 0.00000 0.000 -1 1549482937.203856
1591.290000 0.223 0.000 0.00000 0.000 -1 1549482937.203903
1591.300000 0.226 0.000 0.00000 0.000 -1 1549482937.219727
1591.310000 0.229 0.000 0.00000 0.000 -1 1549482937.235934
1591.320000 0.232 0.000 0.00040 0.000 -1 1549482937.235953
1591.330000 0.235 0.000 0.00000 0.000 -1 1549482937.252607
1591.340000 0.238 0.000 0.00000 0.000 -1 1549482937.268643
1591.350000 0.241 0.000 0.00000 0.000 -1 1549482937.268665
1591.360000 0.244 0.000 0.00000 0.000 -1 1549482937.284749
1591.380000 0.250 0.000 0.00000 0.000 -1 1549482937.301700
1591.390000 0.253 0.000 0.00040 0.000 -1 1549482937.318780
1591.400000 0.256 0.000 0.00000 0.000 -1 1549482937.318801
1591.410000 0.259 0.000 0.00000 0.000 -1 1549482937.335806
1591.420000 0.262 0.000 0.00000 0.000 -1 1549482937.335829
1591.430000 0.265 0.000 0.00040 0.000 -1 1549482937.352094
1591.440000 0.268 0.000 0.00000 0.000 -1 1549482937.368502
1591.450000 0.271 0.000 0.00000 0.000 -1 1549482937.368520
1591.460000 0.274 0.000 0.00040 0.000 -1 1549482937.384664
1591.470000 0.277 0.000 0.00000 0.000 -1 1549482937.384685
1591.480000 0.280 0.000 0.00000 0.000 -1 1549482937.400756
1591.490000 0.283 0.000 0.00000 0.000 -1 1549482937.417960
1591.500000 0.286 0.000 0.00040 0.000 -1 1549482937.418035
1591.510000 0.289 0.000 0.00000 0.000 -1 1549482937.434329
1591.520000 0.292 0.000 0.00000 0.000 -1 1549482937.451448
1591.540000 0.298 0.000 0.00000 0.000 -1 1549482937.467952
1591.550000 0.301 0.000 0.00000 0.000 -1 1549482937.468077
1591.560000 0.304 0.000 0.00000 0.000 -1 1549482937.484716
1591.570000 0.307 0.000 0.00040 0.000 -1 1549482937.484736
1591.580000 0.310 0.000 0.00000 0.000 -1 1549482937.501380
1591.590000 0.313 0.000 0.00000 0.000 -1 1549482937.518296
1591.600000 0.316 0.000 0.00000 0.000 -1 1549482937.518328
1591.610000 0.319 0.000 0.00000 0.000 -1 1549482937.534825
1591.620000 0.322 0.000 0.00000 0.000 -1 1549482937.550864
1591.630000 0.325 0.000 0.00000 0.000 -1 1549482937.550884
1591.640000 0.328 0.000 0.00040 0.000 -1 1549482937.567228
1591.650000 0.331 0.000 0.00000 0.000 -1 1549482937.567253
1591.660000 0.334 0.000 0.00000 0.000 -1 1549482937.583651
1591.670000 0.337 0.000 0.00000 0.000 -1 1549482937.600047
1591.680000 0.340 0.000 0.00000 0.000 -1 1549482937.600065
1591.690000 0.343 0.000 0.00000 0.000 -1 1549482937.615916
1591.700000 0.346 0.000 0.00000 0.000 -1 1549482937.615933
1591.710000 0.349 0.000 0.00040 0.000 -1 1549482937.632503
1591.720000 0.352 0.000 0.00000 0.000 -1 1549482937.648701
1591.730000 0.355 0.000 0.00000 0.000 -1 1549482937.649043
1591.750000 0.361 0.000 0.00000 0.000 -1 1549482937.666323
1591.760000 0.364 0.000 0.00000 0.000 -1 1549482937.682506
1591.770000 0.367 0.000 0.00000 0.000 -1 1549482937.699352
1591.780000 0.370 0.000 0.00040 0.000 -1 1549482937.699370
1591.790000 0.373 0.000 0.00000 0.000 -1 1549482937.715940
1591.800000 0.376 0.000 0.00000 0.000 -1 1549482937.715959
1591.810000 0.379 0.000 0.00000 0.000 -1 1549482937.732111
1591.820000 0.382 0.000 0.00000 0.000 -1 1549482937.748882
1591.830000 0.385 0.000 0.00000 0.000 -1 1549482937.748901
1591.840000 0.388 0.000 0.00000 0.000 -1 1549482937.764808
1591.850000 0.391 0.000 0.00040 0.000 -1 1549482937.764827
1591.860000 0.394 0.000 0.00000 0.000 -1 1549482937.780923
1591.870000 0.397 0.000 0.00000 0.000 -1 1549482937.797009
1591.880000 0.400 0.000 0.00000 0.000 -1 1549482937.797028
1591.890000 0.403 0.000 0.00040 0.000 -1 1549482937.813421
1591.900000 0.406 0.000 0.00000 0.000 -1 1549482937.829646
1591.910000 0.409 0.000 0.00000 0.000 -1 1549482937.829692
1591.920000 0.412 0.000 0.00040 0.000 -1 1549482937.846782
1591.930000 0.415 0.000 0.00000 0.000 -1 1549482937.846812
1591.940000 0.418 0.000 0.00000 0.000 -1 1549482937.862900
1591.960000 0.424 0.000 0.00040 0.000 -1 1549482937.879160
1591.970000 0.427 0.000 0.00000 0.000 -1 1549482937.895477
1591.980000 0.430 0.000 0.00000 0.000 -1 1549482937.911571
1591.990000 0.433 0.000 0.00000 0.000 -1 1549482937.911590
1592.000000 0.436 0.000 0.00000 0.000 -1 1549482937.927765
1592.010000 0.439 0.000 0.00000 0.000 -1 1549482937.927782
1592.020000 0.442 0.000 0.00000 0.000 -1 1549482937.944387
1592.030000 0.445 0.000 0.00040 0.000 -1 1549482937.944407
1592.040000 0.448 0.000 0.00000 0.000 -1 1549482937.960951
1592.050000 0.451 0.000 0.00000 0.000 -1 1549482937.977681
1592.060000 0.454 0.000 0.00000 0.000 -1 1549482937.977698
1592.070000 0.457 0.000 0.00000 0.000 -1 1549482937.994289
1592.080000 0.460 0.000 0.00000 0.000 -1 1549482938.010286
1592.090000 0.463 0.000 0.00000 0.000 -1 1549482938.010305
1592.100000 0.466 0.000 0.00040 0.000 -1 1549482938.026097
1592.110000 0.469 0.000 0.00000 0.000 -1 1549482938.026113
1592.120000 0.472 0.000 0.00000 0.000 -1 1549482938.042235
1592.130000 0.475 0.000 0.00000 0.000 -1 1549482938.058180
1592.140000 0.478 0.000 0.00000 0.000 -1 1549482938.058288
1592.150000 0.481 0.000 0.00000 0.000 -1 1549482938.074160
1592.170000 0.487 0.000 0.00040 0.000 -1 1549482938.091725
1592.180000 0.490 0.000 0.00000 0.000 -1 1549482938.108509
1592.190000 0.493 0.000 0.00000 0.000 -1 1549482938.108535
1592.200000 0.496 0.000 0.00000 0.000 -1 1549482938.124865
1592.210000 0.499 0.000 0.00000 0.000 -1 1549482938.124884
1592.220000 0.502 0.000 0.00000 0.000 -1 1549482938.140796
1592.230000 0.505 0.000 0.00000 0.000 -1 1549482938.156902
1592.240000 0.508 0.000 0.00040 0.000 -1 1549482938.156932
1592.250000 0.511 0.000 0.00000 0.000 -1 1549482938.173183
1592.260000 0.514 0.000 0.00000 0.000 -1 1549482938.190085
1592.270000 0.517 0.000 0.00000 0.000 -1 1549482938.190113
1592.280000 0.520 0.000 0.00000 0.000 -1 1549482938.207645
1592.290000 0.523 0.000 0.00000 0.000 -1 1549482938.207661
1592.300000 0.526 0.000 0.00000 0.000 -1 1549482938.223713
1592.310000 0.529 0.000 0.00040 0.000 -1 1549482938.223732
1592.320000 0.532 0.000 0.00000 0.000 -1 1549482938.239908
1592.330000 0.535 0.000 0.00000 0.000 -1 1549482938.256449
1592.340000 0.538 0.000 0.00000 0.000 -1 1549482938.256469
1592.350000 0.541 0.000 0.00040 0.000 -1 1549482938.272879
1592.360000 0.544 0.000 0.00000 0.000 -1 1549482938.289139
1592.370000 0.547 0.000 0.00000 0.000 -1 1549482938.289158
1592.380000 0.550 0.000 0.00000 0.000 -1 1549482938.305466
1592.390000 0.553 0.000 0.00000 0.000 -1 1549482938.305483
1592.400000 0.556 0.000 0.00000 0.000 -1 1549482938.321812
1592.410000 0.559 0.000 0.00000 0.000 -1 1549482938.338052
1592.420000 0.562 0.000 0.00040 0.000 -1 1549482938.338070
1592.430000 0.565 0.000 0.00000 0.000 -1 1549482938.354950
1592.440000 0.568 0.000 0.00000 0.000 -1 1549482938.354969
1592.450000 0.571 0.000 0.00000 0.000 -1 1549482938.371017
1592.460000 0.574 0.000 0.00000 0.000 -1 1549482938.387630
1592.480000 0.580 0.000 0.00000 0.000 -1 1549482938.404047
1592.490000 0.583 0.000 0.00040 0.000 -1 1549482938.404084
1592.500000 0.586 0.000 0.00000 0.000 -1 1549482938.420359
1592.510000 0.589 0.000 0.00000 0.000 -1 1549482938.436438
1592.520000 0.592 0.000 0.00000 0.000 -1 1549482938.436457
1592.530000 0.595 0.000 0.00000 0.000 -1 1549482938.453019
1592.540000 0.598 0.000 0.00000 0.000 -1 1549482938.469165
1592.550000 0.601 0.000 0.00000 0.000 -1 1549482938.469183
1592.560000 0.604 0.000 0.00040 0.000 -1 1549482938.485363
1592.570000 0.607 0.000 0.00000 0.000 -1 1549482938.502080
1592.580000 0.610 0.000 0.00000 0.000 -1 1549482938.502099
1592.590000 0.613 0.000 0.00000 0.000 -1 1549482938.518256
1592.600000 0.616 0.000 0.00000 0.000 -1 1549482938.518274
1592.610000 0.619 0.000 0.00000 0.000 -1 1549482938.534200
1592.620000 0.622 0.000 0.00000 0.000 -1 1549482938.550223
1592.630000 0.625 0.000 0.00040 0.000 -1 1549482938.550244
1592.640000 0.628 0.000 0.00000 0.000 -1 1549482938.566677
1592.650000 0.631 0.000 0.00000 0.000 -1 1549482938.566697
1592.660000 0.634 0.000 0.00000 0.000 -1 1549482938.582674
1592.670000 0.637 0.000 0.00000 0.000 -1 1549482938.599275
1592.680000 0.640 0.000 0.00000 0.000 -1 1549482938.599292
1592.690000 0.643 0.000 0.00000 0.000 -1 1549482938.615073
1592.700000 0.646 0.000 0.00040 0.000 -1 1549482938.615091
1592.710000 0.649 0.000 0.00000 0.000 -1 1549482938.631140
1592.720000 0.652 0.000 0.00000 0.000 -1 1549482938.647657
1592.730000 0.655 0.000 0.00000 0.000 -1 1549482938.647714
1592.740000 0.658 0.000 0.00000 0.000 -1 1549482938.664171
1592.750000 0.661 0.000 0.00000 0.000 -1 1549482938.680528
1592.760000 0.664 0.000 0.00000 0.000 -1 1549482938.680559
1592.770000 0.667 0.000 0.00040 0.000 -1 1549482938.697606
1592.780000 0.670 0.000 0.00000 0.000 -1 1549482938.697623
1592.790000 0.673 0.000 0.00000 0.000 -1 1549482938.713512
1592.800000 0.676 0.000 0.00000 0.000 -1 1549482938.713531
1592.810000 0.679 0.000 0.00040 0.000 -1 1549482938.730064
1592.820000 0.682 0.000 0.00000 0.000 -1 1549482938.746105
1592.830000 0.685 0.000 0.00000 0.000 -1 1549482938.746124
1592.840000 0.688 0.000 0.00000 0.000 -1 1549482938.762221
1592.850000 0.691 0.000 0.00000 0.000 -1 1549482938.778111
1592.860000 0.694 0.000 0.00000 0.000 -1 1549482938.778129
1592.870000 0.697 0.000 0.00000 0.000 -1 1549482938.794382
1592.890000 0.703 0.000 0.00000 0.000 -1 1549482938.810905
1592.900000 0.706 0.000 0.00000 0.000 -1 1549482938.827318
1592.910000 0.709 0.000 0.00000 0.000 -1 1549482938.827347
1592.920000 0.712 0.000 0.00000 0.000 -1 1549482938.843548
1592.930000 0.715 0.000 0.00000 0.000 -1 1549482938.859656
1592.940000 0.718 0.000 0.00000 0.000 -1 1549482938.859675
1592.950000 0.721 0.000 0.00040 0.000 -1 1549482938.875847
1592.960000 0.724 0.000 0.00000 0.000 -1 1549482938.875865
1592.970000 0.727 0.000 0.00000 0.000 -1 1549482938.892266
1592.980000 0.730 0.000 0.00000 0.000 -1 1549482938.908705
1592.990000 0.733 0.000 0.00000 0.000 -1 1549482938.908722
1593.000000 0.736 0.000 0.00000 0.000 -1 1549482938.924939
1593.010000 0.739 0.000 0.00000 0.000 -1 1549482938.924959
1593.020000 0.742 0.000 0.00040 0.000 -1 1549482938.941118
1593.030000 0.745 0.000 0.00000 0.000 -1 1549482938.957449
1593.040000 0.748 0.000 0.00000 0.000 -1 1549482938.957467
1593.050000 0.751 0.000 0.00000 0.000 -1 1549482938.974169
1593.060000 0.754 0.000 0.00000 0.000 -1 1549482938.974190
1593.070000 0.757 0.000 0.00000 0.000 -1 1549482938.990655
1593.080000 0.760 0.000 0.00000 0.000 -1 1549482939.006796
1593.090000 0.763 0.000 0.00040 0.000 -1 1549482939.006826
1593.100000 0.766 0.000 0.00000 0.000 -1 1549482939.023298
1593.110000 0.769 0.000 0.00000 0.000 -1 1549482939.039189
1593.120000 0.772 0.000 0.00000 0.000 -1 1549482939.039214
1593.130000 0.775 0.000 0.00000 0.000 -1 1549482939.055582
1593.140000 0.778 0.000 0.00000 0.000 -1 1549482939.055600
1593.150000 0.781 0.000 0.00000 0.000 -1 1549482939.071735
1593.160000 0.784 0.000 0.00040 0.000 -1 1549482939.089148
1593.170000 0.787 0.000 0.00000 0.000 -1 1549482939.089200
1593.180000 0.790 0.000 0.00000 0.000 -1 1549482939.105587
1593.190000 0.793 0.000 0.00000 0.000 -1 1549482939.105604
1593.200000 0.796 0.000 0.00000 0.000 -1 1549482939.121579
1593.210000 0.799 0.000 0.00000 0.000 -1 1549482939.137369
1593.220000 0.802 0.000 0.00000 0.000 -1 1549482939.154652
1593.230000 0.805 0.000 0.00040 0.000 -1 1549482939.154670
1593.240000 0.808 0.000 0.00000 0.000 -1 1549482939.171716
1593.250000 0.811 0.000 0.00000 0.000 -1 1549482939.171734
1593.260000 0.814 0.000 0.00000 0.000 -1 1549482939.187961
1593.270000 0.817 0.000 0.00040 0.000 -1 1549482939.188189
1593.280000 0.820 0.000 0.00000 0.000 -1 1549482939.204461
1593.290000 0.823 0.000 0.00000 0.000 -1 1549482939.204550
1593.310000 0.829 0.000 0.00000 0.000 -1 1549482939.236735
1593.320000 0.832 0.000 0.00000 0.000 -1 1549482939.236757
1593.330000 0.835 0.000 0.00000 0.000 -1 1549482939.253268
1593.340000 0.838 0.000 0.00040 0.000 -1 1549482939.269317
1593.350000 0.841 0.000 0.00000 0.000 -1 1549482939.269336
1593.360000 0.844 0.000 0.00000 0.000 -1 1549482939.285603
1593.370000 0.847 0.000 0.00000 0.000 -1 1549482939.285629
1593.380000 0.850 0.000 0.00000 0.000 -1 1549482939.301902
1593.390000 0.853 0.000 0.00000 0.000 -1 1549482939.318311
1593.400000 0.856 0.000 0.00000 0.000 -1 1549482939.318331
1593.410000 0.859 0.000 0.00040 0.000 -1 1549482939.334425
1593.420000 0.862 0.000 0.00000 0.000 -1 1549482939.334446
1593.430000 0.865 0.000 0.00000 0.000 -1 1549482939.351889
1593.440000 0.868 0.000 0.00000 0.000 -1 1549482939.367961
1593.450000 0.871 0.000 0.00000 0.000 -1 1549482939.368126
1593.460000 0.874 0.000 0.00000 0.000 -1 1549482939.384737
1593.470000 0.877 0.000 0.00000 0.000 -1 1549482939.384757
1593.480000 0.880 0.000 0.00040 0.000 -1 1549482939.401272
1593.490000 0.883 0.000 0.00000 0.000 -1 1549482939.417477
1593.500000 0.886 0.000 0.00000 0.000 -1 1549482939.417497
1593.510000 0.889 0.000 0.00000 0.000 -1 1549482939.433481
1593.520000 0.892 0.000 0.00000 0.000 -1 1549482939.450011
1593.530000 0.895 0.000 0.00000 0.000 -1 1549482939.450029
1593.540000 0.898 0.000 0.00000 0.000 -1 1549482939.466371
1593.550000 0.901 0.000 0.00040 0.000 -1 1549482939.466389
1593.560000 0.904 0.000 0.00000 0.000 -1 1549482939.482506
1593.570000 0.907 0.000 0.00000 0.000 -1 1549482939.498566
1593.580000 0.910 0.000 0.00000 0.000 -1 1549482939.498583
1593.590000 0.913 0.000 0.00000 0.000 -1 1549482939.514743
1593.600000 0.916 0.000 0.00000 0.000 -1 1549482939.514771
1593.610000 0.919 0.000 0.00000 0.000 -1 1549482939.531630
1593.620000 0.922 0.000 0.00040 0.000 -1 1549482939.547910
1593.630000 0.925 0.000 0.00000 0.000 -1 1549482939.547933
1593.640000 0.928 0.000 0.00000 0.000 -1 1549482939.564727
1593.650000 0.931 0.000 0.00000 0.000 -1 1549482939.564746
1593.660000 0.934 0.000 0.00000 0.000 -1 1549482939.581268
1593.670000 0.937 0.000 0.00000 0.000 -1 1549482939.597414
1593.680000 0.940 0.000 0.00000 0.000 -1 1549482939.597435
1593.690000 0.943 0.000 0.00040 0.000 -1 1549482939.613333
1593.700000 0.946 0.000 0.00000 0.000 -1 1549482939.630127
1593.710000 0.949 0.000 0.00000 0.000 -1 1549482939.630171
1593.730000 0.955 0.000 0.00040 0.000 -1 1549482939.646407
1593.740000 0.958 0.000 0.00000 0.000 -1 1549482939.663121
1593.750000 0.961 0.000 0.00000 0.000 -1 1549482939.679787
1593.760000 0.964 0.000 0.00000 0.000 -1 1549482939.679807
1593.770000 0.967 0.000 0.00000 0.000 -1 1549482939.696794
1593.780000 0.970 0.000 0.00000 0.000 -1 1549482939.696812
1593.790000 0.973 0.000 0.00000 0.000 -1 1549482939.713059
1593.800000 0.976 0.000 0.00040 0.000 -1 1549482939.728966
1593.810000 0.979 0.000 0.00000 0.000 -1 1549482939.728984
1593.820000 0.982 0.000 0.00000 0.000 -1 1549482939.745080
1593.830000 0.985 0.000 0.00000 0.000 -1 1549482939.745100
1593.840000 0.988 0.000 0.00000 0.000 -1 1549482939.761444
1593.850000 0.991 0.000 0.00000 0.000 -1 1549482939.777939
1593.860000 0.994 0.000 0.00000 0.000 -1 1549482939.777972
1593.870000 0.997 0.000 0.00040 0.000 -1 1549482939.794523
1593.880000 1.000 0.000 0.00000 0.000 -1 1549482939.794555
1593.890000 1.003 0.000 0.00000 0.000 -1 1549482939.810585
1593.910000 1.009 0.000 0.00000 0.000 -1 1549482939.827206
1593.930000 1.015 0.000 0.00000 0.000 -1 1549482939.859880
1593.940000 1.018 0.000 0.00040 0.000 -1 1549482939.859901
1593.960000 1.024 0.000 0.00000 0.000 -1 1549482939.875897
1593.980000 1.030 0.000 0.00000 0.000 -1 1549482939.908367
1594.000000 1.036 0.000 0.00000 0.000 -1 1549482939.924912
1594.020000 1.042 0.000 0.00000 0.000 -1 1549482939.941295
1594.040000 1.048 0.000 0.00000 0.000 -1 1549482939.957388
1594.060000 1.054 0.000 0.00000 0.000 -1 1549482939.990432
1594.080000 1.060 0.000 0.00040 0.000 -1 1549482940.007553
1594.100000 1.066 0.000 0.00000 0.000 -1 1549482940.024319
1594.120000 1.072 0.000 0.00000 0.000 -1 1549482940.040953
1594.140000 1.078 0.000 0.00000 0.000 -1 1549482940.057027
1594.160000 1.084 0.000 0.00000 0.000 -1 1549482940.089376
1594.180000 1.090 0.000 0.00000 0.000 -1 1549482940.105225
1594.200000 1.096 0.000 0.00000 0.000 -1 1549482940.121393
1594.220000 1.102 0.000 0.00000 0.000 -1 1549482940.137557
1594.240000 1.108 0.000 0.00000 0.000 -1 1549482940.154742
1594.260000 1.114 0.000 0.00040 0.000 -1 1549482940.187496
1594.280000 1.120 0.000 0.00000 0.000 -1 1549482940.204236
1594.300000 1.126 0.000 0.00000 0.000 -1 1549482940.220922
1594.320000 1.132 0.000 0.00000 0.000 -1 1549482940.236952
1594.340000 1.138 0.000 0.00000 0.000 -1 1549482940.269223
1594.350000 1.141 0.000 0.00000 0.000 -1 1549482940.269244
1594.370000 1.147 0.000 0.00000 0.000 -1 1549482940.285651
1594.390000 1.153 0.000 0.00000 0.000 -1 1549482940.318672
1594.410000 1.159 0.000 0.00000 0.000 -1 1549482940.335516
1594.430000 1.165 0.000 0.00000 0.000 -1 1549482940.352160
1594.450000 1.171 0.000 0.00000 0.000 -1 1549482940.368117
1594.470000 1.177 0.000 0.00040 0.000 -1 1549482940.400388
1594.490000 1.183 0.000 0.00000 0.000 -1 1549482940.416849
1594.510000 1.189 0.000 0.00000 0.000 -1 1549482940.432916
1594.530000 1.195 0.000 0.00000 0.000 -1 1549482940.449062
1594.550000 1.201 0.000 0.00000 0.000 -1 1549482940.465556
1594.570000 1.207 0.000 0.00000 0.000 -1 1549482940.498371
1594.590000 1.213 0.000 0.00000 0.000 -1 1549482940.514819
1594.610000 1.219 0.000 0.00040 0.000 -1 1549482940.531807
1594.630000 1.225 0.000 0.00000 0.000 -1 1549482940.548299
1594.650000 1.231 0.000 0.00040 0.000 -1 1549482940.564462
1594.670000 1.237 0.000 0.00000 0.000 -1 1549482940.596570
1594.690000 1.243 0.000 0.00000 0.000 -1 1549482940.613024
1594.710000 1.249 0.000 0.00000 0.000 -1 1549482940.629247
1594.730000 1.255 0.000 0.00000 0.000 -1 1549482940.645671
1594.750000 1.261 0.000 0.00000 0.000 -1 1549482940.679056
1594.770000 1.267 0.000 0.00000 0.000 -1 1549482940.696062
1594.780000 1.270 0.000 0.00000 0.000 -1 1549482940.696082
1594.800000 1.276 0.000 0.00000 0.000 -1 1549482940.729163
1594.820000 1.282 0.000 0.00000 0.000 -1 1549482940.745267
1594.840000 1.288 0.000 0.00000 0.000 -1 1549482940.761442
1594.860000 1.294 0.000 0.00040 0.000 -1 1549482940.777954
1594.880000 1.300 0.000 0.00000 0.000 -1 1549482940.794181
1594.900000 1.306 0.000 0.00000 0.000 -1 1549482940.827328
1594.920000 1.312 0.000 0.00000 0.000 -1 1549482940.843490
1594.940000 1.318 0.000 0.00000 0.000 -1 1549482940.860186
1594.960000 1.324 0.000 0.00000 0.000 -1 1549482940.876363
1594.980000 1.330 0.000 0.00000 0.000 -1 1549482940.908162
1595.000000 1.336 0.000 0.00040 0.000 -1 1549482940.924569
1595.020000 1.342 0.000 0.00000 0.000 -1 1549482940.940773
1595.040000 1.348 0.000 0.00000 0.000 -1 1549482940.957014
1595.060000 1.354 0.000 0.00000 0.000 -1 1549482940.990096
1595.080000 1.360 0.000 0.00000 0.000 -1 1549482941.006355
1595.100000 1.366 0.000 0.00000 0.000 -1 1549482941.022750
1595.120000 1.372 0.000 0.00000 0.000 -1 1549482941.038684
1595.140000 1.378 0.000 0.00000 0.000 -1 1549482941.054787
1595.160000 1.384 0.000 0.00000 0.000 -1 1549482941.087061
1595.180000 1.390 0.000 0.00040 0.000 -1 1549482941.102963
1595.190000 1.393 0.000 0.00000 0.000 -1 1549482941.119018
1595.210000 1.399 0.000 0.00000 0.000 -1 1549482941.135428
1595.230000 1.405 0.000 0.00000 0.000 -1 1549482941.151712
1595.250000 1.411 0.000 0.00040 0.000 -1 1549482941.168378
1595.270000 1.417 0.000 0.00000 0.000 -1 1549482941.185318
1595.290000 1.423 0.000 0.00000 0.000 -1 1549482941.218112
1595.310000 1.429 0.000 0.00000 0.000 -1 1549482941.235096
1595.330000 1.435 0.000 0.00000 0.000 -1 1549482941.251445
1595.350000 1.441 0.000 0.00000 0.000 -1 1549482941.268214
1595.370000 1.447 0.000 0.00000 0.000 -1 1549482941.285305
1595.390000 1.453 0.000 0.00040 0.000 -1 1549482941.319053
1595.410000 1.459 0.000 0.00000 0.000 -1 1549482941.335554
1595.430000 1.465 0.000 0.00000 0.000 -1 1549482941.351709
1595.450000 1.471 0.000 0.00000 0.000 -1 1549482941.367679
1595.470000 1.477 0.000 0.00000 0.000 -1 1549482941.384263
1595.490000 1.483 0.000 0.00000 0.000 -1 1549482941.417453
1595.510000 1.489 0.000 0.00000 0.000 -1 1549482941.433908
1595.530000 1.495 0.000 0.00040 0.000 -1 1549482941.450318
1595.550000 1.501 0.000 0.00000 0.000 -1 1549482941.467708
1595.570000 1.507 0.000 0.00040 0.000 -1 1549482941.500392
1595.590000 1.513 0.000 0.00000 0.000 -1 1549482941.516515
1595.600000 1.516 0.000 0.00000 0.000 -1 1549482941.516533
1595.620000 1.522 0.000 0.00000 0.000 -1 1549482941.549647
1595.640000 1.528 0.000 0.00040 0.000 -1 1549482941.565754
1595.660000 1.534 0.000 0.00000 0.000 -1 1549482941.582527
1595.680000 1.540 0.000 0.00000 0.000 -1 1549482941.598820
1595.700000 1.546 0.000 0.00000 0.000 -1 1549482941.617055
1595.720000 1.552 0.000 0.00000 0.000 -1 1549482941.649201
1595.740000 1.558 0.000 0.00000 0.000 -1 1549482941.666087
1595.760000 1.564 0.000 0.00000 0.000 -1 1549482941.682392
1595.780000 1.570 0.000 0.00040 0.000 -1 1549482941.698811
1595.800000 1.576 0.000 0.00000 0.000 -1 1549482941.715459
1595.820000 1.582 0.000 0.00000 0.000 -1 1549482941.747627
1595.840000 1.588 0.000 0.00000 0.000 -1 1549482941.764419
1595.860000 1.594 0.000 0.00000 0.000 -1 1549482941.781668
1595.880000 1.600 0.000 0.00000 0.000 -1 1549482941.797690
1595.900000 1.606 0.000 0.00000 0.000 -1 1549482941.814157
1595.920000 1.612 0.000 0.00040 0.000 -1 1549482941.846562
1595.940000 1.618 0.000 0.00000 0.000 -1 1549482941.864286
1595.960000 1.624 0.000 0.00040 0.000 -1 1549482941.881094
1595.980000 1.630 0.000 0.00000 0.000 -1 1549482941.897620
1596.000000 1.636 0.000 0.00000 0.000 -1 1549482941.931258
1596.020000 1.642 0.000 0.00000 0.000 -1 1549482941.948062
1596.030000 1.645 0.000 0.00040 0.000 -1 1549482941.948079
1596.050000 1.651 0.000 0.00000 0.000 -1 1549482941.964336
1596.070000 1.657 0.000 0.00000 0.000 -1 1549482941.996660
1596.090000 1.663 0.000 0.00000 0.000 -1 1549482942.013246
1596.110000 1.669 0.000 0.00000 0.000 -1 1549482942.029719
1596.130000 1.675 0.000 0.00000 0.000 -1 1549482942.045903
1596.150000 1.681 0.000 0.00000 0.000 -1 1549482942.078410
1596.170000 1.687 0.000 0.00040 0.000 -1 1549482942.094883
1596.190000 1.693 0.000 0.00000 0.000 -1 1549482942.111427
1596.210000 1.699 0.000 0.00000 0.000 -1 1549482942.127866
1596.230000 1.705 0.000 0.00000 0.000 -1 1549482942.144293
1596.250000 1.711 0.000 0.00000 0.000 -1 1549482942.177909
1596.270000 1.717 0.000 0.00000 0.000 -1 1549482942.194123
1596.290000 1.723 0.000 0.00000 0.000 -1 1549482942.210502
1596.310000 1.729 0.000 0.00040 0.000 -1 1549482942.227743
1596.330000 1.735 0.000 0.00000 0.000 -1 1549482942.260675
1596.350000 1.741 0.000 0.00000 0.000 -1 1549482942.277163
1596.370000 1.747 0.000 0.00000 0.000 -1 1549482942.293140
1596.390000 1.753 0.000 0.00000 0.000 -1 1549482942.310051
1596.410000 1.759 0.000 0.00000 0.000 -1 1549482942.326502
1596.430000 1.765 0.000 0.00000 0.000 -1 1549482942.358933
1596.440000 1.768 0.000 0.00000 0.000 -1 1549482942.358951
1596.460000 1.774 0.000 0.00000 0.000 -1 1549482942.375240
1596.480000 1.780 0.000 0.00000 0.000 -1 1549482942.408214
1596.500000 1.786 0.000 0.00000 0.000 -1 1549482942.424915
1596.520000 1.792 0.000 0.00000 0.000 -1 1549482942.441317
1596.540000 1.798 0.000 0.00000 0.000 -1 1549482942.458099
1596.560000 1.804 0.000 0.00040 0.000 -1 1549482942.490726
1596.580000 1.810 0.000 0.00000 0.000 -1 1549482942.507502
1596.600000 1.816 0.000 0.00000 0.000 -1 1549482942.524460
1596.620000 1.822 0.000 0.00000 0.000 -1 1549482942.540937
1596.640000 1.828 0.000 0.00000 0.000 -1 1549482942.557325
1596.660000 1.834 0.000 0.00000 0.000 -1 1549482942.589631
1596.680000 1.840 0.000 0.00000 0.000 -1 1549482942.607203
1596.700000 1.846 0.000 0.00040 0.000 -1 1549482942.625370
1596.720000 1.852 0.000 0.00000 0.000 -1 1549482942.641491
1596.740000 1.858 0.000 0.00000 0.000 -1 1549482942.657904
1596.760000 1.864 0.000 0.00000 0.000 -1 1549482942.690410
1596.780000 1.870 0.000 0.00000 0.000 -1 1549482942.707171
1596.800000 1.876 0.000 0.00000 0.000 -1 1549482942.723104
1596.820000 1.882 0.000 0.00000 0.000 -1 1549482942.755705
1596.840000 1.888 0.000 0.00040 0.000 -1 1549482942.755748
1596.850000 1.891 0.000 0.00000 0.000 -1 1549482942.755767
1596.870000 1.897 0.000 0.00000 0.000 -1 1549482942.805035
1596.890000 1.903 0.000 0.00000 0.000 -1 1549482942.805078
1596.910000 1.909 0.000 0.00040 0.000 -1 1549482942.838243
1596.930000 1.915 0.000 0.00000 0.000 -1 1549482942.854628
1596.950000 1.921 0.000 0.00040 0.000 -1 1549482942.854656
1596.970000 1.927 0.000 0.00000 0.000 -1 1549482942.903533
1596.990000 1.933 0.000 0.00000 0.000 -1 1549482942.919453
1597.010000 1.939 0.000 0.00000 0.000 -1 1549482942.936197
1597.030000 1.945 0.000 0.00000 0.000 -1 1549482942.952866
1597.050000 1.951 0.000 0.00000 0.000 -1 1549482942.969583
1597.070000 1.957 0.000 0.00000 0.000 -1 1549482942.986608
1597.090000 1.963 0.000 0.00040 0.000 -1 1549482943.019675
1597.110000 1.969 0.000 0.00000 0.000 -1 1549482943.036786
1597.130000 1.975 0.000 0.00000 0.000 -1 1549482943.052675
1597.150000 1.981 0.000 0.00000 0.000 -1 1549482943.068936
1597.170000 1.987 0.000 0.00000 0.000 -1 1549482943.084882
1597.190000 1.993 0.000 0.00000 0.000 -1 1549482943.117317
1597.210000 1.999 0.000 0.00000 0.000 -1 1549482943.133452
1597.230000 2.005 0.000 0.00040 0.000 -1 1549482943.149592
1597.240000 2.008 0.000 0.00000 0.000 -1 1549482943.165944
1597.260000 2.014 0.000 0.00000 0.000 -1 1549482943.182543
1597.270000 2.017 0.000 0.00000 0.000 -1 1549482943.199359
1597.290000 2.023 0.000 0.00000 0.000 -1 1549482943.215567
1597.300000 2.026 0.000 0.00040 0.000 -1 1549482943.215586
1597.310000 2.029 0.000 0.00000 0.000 -1 1549482943.231912
1597.330000 2.035 0.000 0.00000 0.000 -1 1549482943.248272
1597.340000 2.038 0.000 0.00040 0.000 -1 1549482943.264703
1597.350000 2.041 0.000 0.00000 0.000 -1 1549482943.264727
1597.370000 2.047 0.000 0.00040 0.000 -1 1549482943.297875
1597.380000 2.050 0.000 0.00000 0.000 -1 1549482943.297904
1597.390000 2.053 0.000 0.00000 0.000 -1 1549482943.313857
1597.410000 2.059 0.000 0.00040 0.000 -1 1549482943.330548
1597.420000 2.062 0.000 0.00000 0.000 -1 1549482943.347963
1597.430000 2.065 0.000 0.00000 0.000 -1 1549482943.348014
1597.450000 2.071 0.000 0.00000 0.000 -1 1549482943.364072
1597.460000 2.074 0.000 0.00000 0.000 -1 1549482943.380180
1597.470000 2.077 0.000 0.00000 0.000 -1 1549482943.396405
1597.490000 2.083 0.000 0.00000 0.000 -1 1549482943.412286
1597.500000 2.086 0.000 0.00000 0.000 -1 1549482943.428635
1597.510000 2.089 0.000 0.00000 0.000 -1 1549482943.428654
1597.530000 2.095 0.000 0.00000 0.000 -1 1549482943.445105
1597.540000 2.098 0.000 0.00000 0.000 -1 1549482943.462259
1597.550000 2.101 0.000 0.00040 0.000 -1 1549482943.478790
1597.570000 2.107 0.000 0.00000 0.000 -1 1549482943.495415
1597.580000 2.110 0.000 0.00000 0.000 -1 1549482943.495435
1597.590000 2.113 0.000 0.00000 0.000 -1 1549482943.511649
1597.610000 2.119 0.000 0.00000 0.000 -1 1549482943.527567
1597.620000 2.122 0.000 0.00040 0.000 -1 1549482943.544061
1597.630000 2.125 0.000 0.00000 0.000 -1 1549482943.544086
1597.650000 2.131 0.000 0.00000 0.000 -1 1549482943.577115
1597.660000 2.134 0.000 0.00000 0.000 -1 1549482943.577149
1597.670000 2.137 0.000 0.00000 0.000 -1 1549482943.593437
1597.690000 2.143 0.000 0.00040 0.000 -1 1549482943.609285
1597.700000 2.146 0.000 0.00000 0.000 -1 1549482943.625435
1597.720000 2.152 0.000 0.00000 0.000 -1 1549482943.641509
1597.730000 2.155 0.000 0.00000 0.000 -1 1549482943.658461
1597.740000 2.158 0.000 0.00000 0.000 -1 1549482943.658499
1597.760000 2.164 0.000 0.00040 0.000 -1 1549482943.674599
1597.770000 2.167 0.000 0.00000 0.000 -1 1549482943.691284
1597.780000 2.170 0.000 0.00000 0.000 -1 1549482943.707844
1597.800000 2.176 0.000 0.00040 0.000 -1 1549482943.723857
1597.810000 2.179 0.000 0.00000 0.000 -1 1549482943.723891
1597.820000 2.182 0.000 0.00000 0.000 -1 1549482943.740235
1597.840000 2.188 0.000 0.00000 0.000 -1 1549482943.757535
1597.850000 2.191 0.000 0.00000 0.000 -1 1549482943.774206
1597.860000 2.194 0.000 0.00000 0.000 -1 1549482943.790942
1597.880000 2.200 0.000 0.00000 0.000 -1 1549482943.807866
1597.890000 2.203 0.000 0.00000 0.000 -1 1549482943.807885
1597.900000 2.206 0.000 0.00000 0.000 -1 1549482943.824432
1597.920000 2.212 0.000 0.00000 0.000 -1 1549482943.840548
1597.930000 2.215 0.000 0.00000 0.000 -1 1549482943.856720
1597.940000 2.218 0.000 0.00040 0.000 -1 1549482943.856743
1597.960000 2.224 0.000 0.00000 0.000 -1 1549482943.889803
1597.970000 2.227 0.000 0.00000 0.000 -1 1549482943.889823
1597.980000 2.230 0.000 0.00000 0.000 -1 1549482943.905986
1598.000000 2.236 0.000 0.00000 0.000 -1 1549482943.921828
1598.010000 2.239 0.000 0.00040 0.000 -1 1549482943.938151
1598.020000 2.242 0.000 0.00000 0.000 -1 1549482943.938171
1598.040000 2.248 0.000 0.00000 0.000 -1 1549482943.954180
1598.050000 2.251 0.000 0.00000 0.000 -1 1549482943.970150
1598.060000 2.254 0.000 0.00000 0.000 -1 1549482943.986382
1598.080000 2.260 0.000 0.00040 0.000 -1 1549482944.003184
1598.090000 2.263 0.000 0.00000 0.000 -1 1549482944.019913
1598.110000 2.269 0.000 0.00000 0.000 -1 1549482944.036076
1598.120000 2.272 0.000 0.00000 0.000 -1 1549482944.036096
1598.130000 2.275 0.000 0.00000 0.000 -1 1549482944.052206
1598.150000 2.281 0.000 0.00040 0.000 -1 1549482944.068465
1598.160000 2.284 0.000 0.00000 0.000 -1 1549482944.084854
1598.170000 2.287 0.000 0.00000 0.000 -1 1549482944.084873
1598.190000 2.293 0.000 0.00000 0.000 -1 1549482944.117670
1598.200000 2.296 0.000 0.00000 0.000 -1 1549482944.117706
1598.210000 2.299 0.000 0.00000 0.000 -1 1549482944.133918
1598.230000 2.305 0.000 0.00000 0.000 -1 1549482944.150146
1598.240000 2.308 0.000 0.00000 0.000 -1 1549482944.166799
1598.250000 2.311 0.000 0.00000 0.000 -1 1549482944.166847
1598.270000 2.317 0.000 0.00000 0.000 -1 1549482944.200034
1598.280000 2.320 0.000 0.00000 0.000 -1 1549482944.200072
1598.290000 2.323 0.000 0.00040 0.000 -1 1549482944.216860
1598.310000 2.329 0.000 0.00000 0.000 -1 1549482944.233501
1598.320000 2.332 0.000 0.00000 0.000 -1 1549482944.249526
1598.330000 2.335 0.000 0.00040 0.000 -1 1549482944.249549
1598.350000 2.341 0.000 0.00000 0.000 -1 1549482944.266343
1598.360000 2.344 0.000 0.00000 0.000 -1 1549482944.282998
1598.370000 2.347 0.000 0.00000 0.000 -1 1549482944.299097
1598.390000 2.353 0.000 0.00000 0.000 -1 1549482944.315274
1598.400000 2.356 0.000 0.00040 0.000 -1 1549482944.315294
1598.410000 2.359 0.000 0.00000 0.000 -1 1549482944.332060
1598.430000 2.365 0.000 0.00000 0.000 -1 1549482944.348065
1598.440000 2.368 0.000 0.00000 0.000 -1 1549482944.364447
1598.450000 2.371 0.000 0.00000 0.000 -1 1549482944.364466
1598.470000 2.377 0.000 0.00040 0.000 -1 1549482944.396477
1598.480000 2.380 0.000 0.00000 0.000 -1 1549482944.396495
1598.490000 2.383 0.000 0.00000 0.000 -1 1549482944.412896
1598.510000 2.389 0.000 0.00000 0.000 -1 1549482944.429545
1598.520000 2.392 0.000 0.00000 0.000 -1 1549482944.446149
1598.540000 2.398 0.000 0.00040 0.000 -1 1549482944.462956
1598.550000 2.401 0.000 0.00000 0.000 -1 1549482944.479325
1598.560000 2.404 0.000 0.00000 0.000 -1 1549482944.479361
1598.580000 2.410 0.000 0.00000 0.000 -1 1549482944.496417
1598.590000 2.413 0.000 0.00000 0.000 -1 1549482944.513188
1598.600000 2.416 0.000 0.00000 0.000 -1 1549482944.529309
1598.620000 2.422 0.000 0.00000 0.000 -1 1549482944.545638
1598.630000 2.425 0.000 0.00000 0.000 -1 1549482944.545656
1598.640000 2.428 0.000 0.00000 0.000 -1 1549482944.562501
1598.660000 2.434 0.000 0.00000 0.000 -1 1549482944.579014
1598.670000 2.437 0.000 0.00000 0.000 -1 1549482944.596101
1598.680000 2.440 0.000 0.00040 0.000 -1 1549482944.596121
1598.700000 2.446 0.000 0.00000 0.000 -1 1549482944.628453
1598.710000 2.449 0.000 0.00000 0.000 -1 1549482944.628474
1598.720000 2.452 0.000 0.00040 0.000 -1 1549482944.644773
1598.740000 2.458 0.000 0.00000 0.000 -1 1549482944.662131
1598.750000 2.461 0.000 0.00040 0.000 -1 1549482944.678371
1598.760000 2.464 0.000 0.00000 0.000 -1 1549482944.678390
1598.780000 2.470 0.000 0.00000 0.000 -1 1549482944.695424
1598.790000 2.473 0.000 0.00040 0.000 -1 1549482944.712183
1598.800000 2.476 0.000 0.00000 0.000 -1 1549482944.728220
1598.820000 2.482 0.000 0.00000 0.000 -1 1549482944.745101
1598.830000 2.485 0.000 0.00000 0.000 -1 1549482944.745140
1598.840000 2.488 0.000 0.00000 0.000 -1 1549482944.761662
1598.860000 2.494 0.000 0.00040 0.000 -1 1549482944.778072
1598.870000 2.497 0.000 0.00000 0.000 -1 1549482944.794653
1598.880000 2.500 0.000 0.00000 0.000 -1 1549482944.794751
1598.900000 2.506 0.000 0.00000 0.000 -1 1549482944.827374
1598.910000 2.509 0.000 0.00000 0.000 -1 1549482944.827408
1598.920000 2.512 0.000 0.00000 0.000 -1 1549482944.843439
1598.940000 2.518 0.000 0.00000 0.000 -1 1549482944.859859
1598.950000 2.521 0.000 0.00000 0.000 -1 1549482944.875873
1598.970000 2.527 0.000 0.00000 0.000 -1 1549482944.891935
1598.980000 2.530 0.000 0.00000 0.000 -1 1549482944.908181
1598.990000 2.533 0.000 0.00000 0.000 -1 1549482944.908210
1599.010000 2.539 0.000 0.00000 0.000 -1 1549482944.924344
1599.020000 2.542 0.000 0.00000 0.000 -1 1549482944.940423
1599.030000 2.545 0.000 0.00000 0.000 -1 1549482944.956540
1599.050000 2.551 0.000 0.00000 0.000 -1 1549482944.973144
1599.060000 2.554 0.000 0.00000 0.000 -1 1549482944.989921
1599.070000 2.557 0.000 0.00040 0.000 -1 1549482944.989944
1599.090000 2.563 0.000 0.00000 0.000 -1 1549482945.008162
1599.100000 2.566 0.000 0.00000 0.000 -1 1549482945.025081
1599.110000 2.569 0.000 0.00000 0.000 -1 1549482945.025112
1599.130000 2.575 0.000 0.00000 0.000 -1 1549482945.057609
1599.140000 2.578 0.000 0.00040 0.000 -1 1549482945.073533
1599.150000 2.581 0.000 0.00000 0.000 -1 1549482945.073553
1599.170000 2.587 0.000 0.00000 0.000 -1 1549482945.073572
1599.180000 2.590 0.000 0.00040 0.000 -1 1549482945.105964
1599.190000 2.593 0.000 0.00000 0.000 -1 1549482945.122236
1599.210000 2.599 0.000 0.00000 0.000 -1 1549482945.138211
1599.220000 2.602 0.000 0.00000 0.000 -1 1549482945.138231
1599.230000 2.605 0.000 0.00000 0.000 -1 1549482945.154610
1599.250000 2.611 0.000 0.00040 0.000 -1 1549482945.171429
1599.260000 2.614 0.000 0.00000 0.000 -1 1549482945.187865
1599.270000 2.617 0.000 0.00000 0.000 -1 1549482945.187884
1599.290000 2.623 0.000 0.00000 0.000 -1 1549482945.204077
1599.300000 2.626 0.000 0.00000 0.000 -1 1549482945.220310
1599.310000 2.629 0.000 0.00000 0.000 -1 1549482945.236716
1599.330000 2.635 0.000 0.00000 0.000 -1 1549482945.253217
1599.340000 2.638 0.000 0.00000 0.000 -1 1549482945.269531
1599.360000 2.644 0.000 0.00000 0.000 -1 1549482945.286482
1599.370000 2.647 0.000 0.00000 0.000 -1 1549482945.286501
1599.380000 2.650 0.000 0.00000 0.000 -1 1549482945.302918
1599.400000 2.655 0.000 0.00000 0.000 -1 1549482945.318779
1599.420000 2.661 0.000 0.00000 0.000 -1 1549482945.335452
1599.440000 2.666 0.000 0.00000 0.000 -1 1549482945.368120
1599.460000 2.671 0.000 0.00000 0.000 -1 1549482945.384339
1599.480000 2.676 0.000 0.00000 0.000 -1 1549482945.400263
1599.500000 2.682 0.000 0.00000 0.000 -1 1549482945.416534
1599.520000 2.687 0.000 0.00040 0.000 -1 1549482945.448886
1599.540000 2.691 0.000 0.00040 0.000 -1 1549482945.465642
1599.560000 2.695 0.000 0.00000 0.000 -1 1549482945.481648
1599.580000 2.700 0.000 0.00000 0.000 -1 1549482945.497508
1599.600000 2.704 0.000 0.00000 0.000 -1 1549482945.513400
1599.620000 2.708 0.000 0.00000 0.000 -1 1549482945.545911
1599.640000 2.712 0.000 0.00040 0.000 -1 1549482945.562031
1599.660000 2.715 0.000 0.00000 0.000 -1 1549482945.578363
1599.680000 2.719 0.000 0.00000 0.000 -1 1549482945.594487
1599.700000 2.723 0.000 0.00000 0.000 -1 1549482945.627232
1599.720000 2.726 0.000 0.00000 0.000 -1 1549482945.643285
1599.740000 2.729 0.000 0.00000 0.000 -1 1549482945.659443
1599.770000 2.733 0.000 0.00000 0.000 -1 1549482945.692474
1599.790000 2.736 0.000 0.00000 0.000 -1 1549482945.708351
1599.810000 2.739 0.000 0.00000 0.000 -1 1549482945.724950
1599.830000 2.742 0.000 0.00000 0.000 -1 1549482945.758836
1599.870000 2.746 0.000 0.00000 0.000 -1 1549482945.792382
1599.910000 2.749 0.000 0.00040 0.000 -1 1549482945.825379
1599.950000 2.753 0.000 0.00000 0.000 -1 1549482945.874736
1599.990000 2.757 0.000 0.00000 0.000 -1 1549482945.908313
1608.860000 0.000 0.000 0.00000 0.000 -1 1549482956.788773
